[2021-09-01 03:42:59,492] {taskinstance.py:876} INFO - Dependencies all met for <TaskInstance: xcom_dag.choose_best_model 2021-09-01T03:42:48.051071+00:00 [queued]>
[2021-09-01 03:42:59,611] {taskinstance.py:876} INFO - Dependencies all met for <TaskInstance: xcom_dag.choose_best_model 2021-09-01T03:42:48.051071+00:00 [queued]>
[2021-09-01 03:42:59,611] {taskinstance.py:1067} INFO - 
--------------------------------------------------------------------------------
[2021-09-01 03:42:59,612] {taskinstance.py:1068} INFO - Starting attempt 1 of 1
[2021-09-01 03:42:59,612] {taskinstance.py:1069} INFO - 
--------------------------------------------------------------------------------
[2021-09-01 03:42:59,696] {taskinstance.py:1087} INFO - Executing <Task(BranchPythonOperator): choose_best_model> on 2021-09-01T03:42:48.051071+00:00
[2021-09-01 03:42:59,716] {standard_task_runner.py:52} INFO - Started process 119666 to run task
[2021-09-01 03:42:59,777] {standard_task_runner.py:76} INFO - Running: ['airflow', 'tasks', 'run', 'xcom_dag', 'choose_best_model', '2021-09-01T03:42:48.051071+00:00', '--job-id', '54', '--pool', 'default_pool', '--raw', '--subdir', 'DAGS_FOLDER/xcom_dag.py', '--cfg-path', '/tmp/tmp2z_caw4t', '--error-file', '/tmp/tmptp64kovw']
[2021-09-01 03:42:59,777] {standard_task_runner.py:77} INFO - Job 54: Subtask choose_best_model
[2021-09-01 03:43:00,316] {logging_mixin.py:104} INFO - Running <TaskInstance: xcom_dag.choose_best_model 2021-09-01T03:42:48.051071+00:00 [running]> on host airflowvm
[2021-09-01 03:43:00,640] {taskinstance.py:1280} INFO - Exporting the following env vars:
AIRFLOW_CTX_DAG_OWNER=airflow
AIRFLOW_CTX_DAG_ID=xcom_dag
AIRFLOW_CTX_TASK_ID=choose_best_model
AIRFLOW_CTX_EXECUTION_DATE=2021-09-01T03:42:48.051071+00:00
AIRFLOW_CTX_DAG_RUN_ID=manual__2021-09-01T03:42:48.051071+00:00
[2021-09-01 03:43:00,640] {logging_mixin.py:104} INFO - choose best model
[2021-09-01 03:43:00,665] {python.py:151} INFO - Done. Returned value was: inaccurate
[2021-09-01 03:43:00,665] {skipmixin.py:124} INFO - Following branch inaccurate
[2021-09-01 03:43:00,686] {skipmixin.py:155} INFO - Skipping tasks ['accurate']
[2021-09-01 03:43:00,826] {taskinstance.py:1184} INFO - Marking task as SUCCESS. dag_id=xcom_dag, task_id=choose_best_model, execution_date=20210901T034248, start_date=20210901T034259, end_date=20210901T034300
[2021-09-01 03:43:00,907] {taskinstance.py:1245} INFO - 1 downstream tasks scheduled from follow-on schedule check
[2021-09-01 03:43:00,936] {local_task_job.py:151} INFO - Task exited with return code 0
