[2021-09-01 03:15:50,846] {taskinstance.py:876} INFO - Dependencies all met for <TaskInstance: xcom_dag.choose_best_model 2021-09-01T03:15:40.142178+00:00 [queued]>
[2021-09-01 03:15:50,959] {taskinstance.py:876} INFO - Dependencies all met for <TaskInstance: xcom_dag.choose_best_model 2021-09-01T03:15:40.142178+00:00 [queued]>
[2021-09-01 03:15:50,964] {taskinstance.py:1067} INFO - 
--------------------------------------------------------------------------------
[2021-09-01 03:15:50,966] {taskinstance.py:1068} INFO - Starting attempt 1 of 1
[2021-09-01 03:15:50,975] {taskinstance.py:1069} INFO - 
--------------------------------------------------------------------------------
[2021-09-01 03:15:51,029] {taskinstance.py:1087} INFO - Executing <Task(PythonOperator): choose_best_model> on 2021-09-01T03:15:40.142178+00:00
[2021-09-01 03:15:51,047] {standard_task_runner.py:52} INFO - Started process 115434 to run task
[2021-09-01 03:15:51,115] {standard_task_runner.py:76} INFO - Running: ['airflow', 'tasks', 'run', 'xcom_dag', 'choose_best_model', '2021-09-01T03:15:40.142178+00:00', '--job-id', '33', '--pool', 'default_pool', '--raw', '--subdir', 'DAGS_FOLDER/xcom_dag.py', '--cfg-path', '/tmp/tmp5sxkaj58', '--error-file', '/tmp/tmpce7hqeu9']
[2021-09-01 03:15:51,132] {standard_task_runner.py:77} INFO - Job 33: Subtask choose_best_model
[2021-09-01 03:15:51,543] {logging_mixin.py:104} INFO - Running <TaskInstance: xcom_dag.choose_best_model 2021-09-01T03:15:40.142178+00:00 [running]> on host airflowvm
[2021-09-01 03:15:51,874] {taskinstance.py:1280} INFO - Exporting the following env vars:
AIRFLOW_CTX_DAG_OWNER=airflow
AIRFLOW_CTX_DAG_ID=xcom_dag
AIRFLOW_CTX_TASK_ID=choose_best_model
AIRFLOW_CTX_EXECUTION_DATE=2021-09-01T03:15:40.142178+00:00
AIRFLOW_CTX_DAG_RUN_ID=manual__2021-09-01T03:15:40.142178+00:00
[2021-09-01 03:15:51,875] {logging_mixin.py:104} INFO - choose best model
[2021-09-01 03:15:51,875] {python.py:151} INFO - Done. Returned value was: None
[2021-09-01 03:15:51,908] {taskinstance.py:1184} INFO - Marking task as SUCCESS. dag_id=xcom_dag, task_id=choose_best_model, execution_date=20210901T031540, start_date=20210901T031550, end_date=20210901T031551
[2021-09-01 03:15:52,011] {taskinstance.py:1245} INFO - 0 downstream tasks scheduled from follow-on schedule check
[2021-09-01 03:15:52,033] {local_task_job.py:151} INFO - Task exited with return code 0
