[2021-09-01 03:44:09,268] {taskinstance.py:876} INFO - Dependencies all met for <TaskInstance: xcom_dag.processing_tasks.training_model_a 2021-09-01T03:44:00.413027+00:00 [queued]>
[2021-09-01 03:44:09,451] {taskinstance.py:876} INFO - Dependencies all met for <TaskInstance: xcom_dag.processing_tasks.training_model_a 2021-09-01T03:44:00.413027+00:00 [queued]>
[2021-09-01 03:44:09,452] {taskinstance.py:1067} INFO - 
--------------------------------------------------------------------------------
[2021-09-01 03:44:09,452] {taskinstance.py:1068} INFO - Starting attempt 1 of 1
[2021-09-01 03:44:09,454] {taskinstance.py:1069} INFO - 
--------------------------------------------------------------------------------
[2021-09-01 03:44:09,509] {taskinstance.py:1087} INFO - Executing <Task(PythonOperator): processing_tasks.training_model_a> on 2021-09-01T03:44:00.413027+00:00
[2021-09-01 03:44:09,554] {standard_task_runner.py:52} INFO - Started process 120555 to run task
[2021-09-01 03:44:09,576] {standard_task_runner.py:76} INFO - Running: ['airflow', 'tasks', 'run', 'xcom_dag', 'processing_tasks.training_model_a', '2021-09-01T03:44:00.413027+00:00', '--job-id', '58', '--pool', 'default_pool', '--raw', '--subdir', 'DAGS_FOLDER/xcom_dag.py', '--cfg-path', '/tmp/tmpk0ak_y38', '--error-file', '/tmp/tmp57or3089']
[2021-09-01 03:44:09,592] {standard_task_runner.py:77} INFO - Job 58: Subtask processing_tasks.training_model_a
[2021-09-01 03:44:09,995] {logging_mixin.py:104} INFO - Running <TaskInstance: xcom_dag.processing_tasks.training_model_a 2021-09-01T03:44:00.413027+00:00 [running]> on host airflowvm
[2021-09-01 03:44:10,561] {taskinstance.py:1280} INFO - Exporting the following env vars:
AIRFLOW_CTX_DAG_OWNER=airflow
AIRFLOW_CTX_DAG_ID=xcom_dag
AIRFLOW_CTX_TASK_ID=processing_tasks.training_model_a
AIRFLOW_CTX_EXECUTION_DATE=2021-09-01T03:44:00.413027+00:00
AIRFLOW_CTX_DAG_RUN_ID=manual__2021-09-01T03:44:00.413027+00:00
[2021-09-01 03:44:10,561] {logging_mixin.py:104} INFO - model's accuracy: 9.80072663166614
[2021-09-01 03:44:10,815] {python.py:151} INFO - Done. Returned value was: None
[2021-09-01 03:44:10,941] {taskinstance.py:1184} INFO - Marking task as SUCCESS. dag_id=xcom_dag, task_id=processing_tasks.training_model_a, execution_date=20210901T034400, start_date=20210901T034409, end_date=20210901T034410
[2021-09-01 03:44:11,214] {taskinstance.py:1245} INFO - 0 downstream tasks scheduled from follow-on schedule check
[2021-09-01 03:44:11,290] {local_task_job.py:151} INFO - Task exited with return code 0
