[2021-09-01 00:42:40,799] {taskinstance.py:876} INFO - Dependencies all met for <TaskInstance: parallel_dag.task_3 2021-09-01T00:42:28.717277+00:00 [queued]>
[2021-09-01 00:42:40,980] {taskinstance.py:876} INFO - Dependencies all met for <TaskInstance: parallel_dag.task_3 2021-09-01T00:42:28.717277+00:00 [queued]>
[2021-09-01 00:42:40,981] {taskinstance.py:1067} INFO - 
--------------------------------------------------------------------------------
[2021-09-01 00:42:40,994] {taskinstance.py:1068} INFO - Starting attempt 1 of 1
[2021-09-01 00:42:40,999] {taskinstance.py:1069} INFO - 
--------------------------------------------------------------------------------
[2021-09-01 00:42:41,299] {taskinstance.py:1087} INFO - Executing <Task(BashOperator): task_3> on 2021-09-01T00:42:28.717277+00:00
[2021-09-01 00:42:41,485] {standard_task_runner.py:76} INFO - Running: ['airflow', 'tasks', 'run', 'parallel_dag', 'task_3', '2021-09-01T00:42:28.717277+00:00', '--job-id', '13', '--pool', 'default_pool', '--raw', '--subdir', 'DAGS_FOLDER/parallel_dag.py', '--cfg-path', '/tmp/tmp_367l7_9', '--error-file', '/tmp/tmpn48yop1l']
[2021-09-01 00:42:41,486] {standard_task_runner.py:77} INFO - Job 13: Subtask task_3
[2021-09-01 00:42:41,565] {standard_task_runner.py:52} INFO - Started process 97299 to run task
[2021-09-01 00:42:42,142] {logging_mixin.py:104} INFO - Running <TaskInstance: parallel_dag.task_3 2021-09-01T00:42:28.717277+00:00 [running]> on host airflowvm
[2021-09-01 00:42:42,819] {taskinstance.py:1280} INFO - Exporting the following env vars:
AIRFLOW_CTX_DAG_OWNER=airflow
AIRFLOW_CTX_DAG_ID=parallel_dag
AIRFLOW_CTX_TASK_ID=task_3
AIRFLOW_CTX_EXECUTION_DATE=2021-09-01T00:42:28.717277+00:00
AIRFLOW_CTX_DAG_RUN_ID=manual__2021-09-01T00:42:28.717277+00:00
[2021-09-01 00:42:42,821] {subprocess.py:52} INFO - Tmp dir root location: 
 /tmp
[2021-09-01 00:42:42,837] {subprocess.py:63} INFO - Running command: ['bash', '-c', 'sleep 3']
[2021-09-01 00:42:42,892] {subprocess.py:75} INFO - Output:
[2021-09-01 00:42:45,927] {subprocess.py:83} INFO - Command exited with return code 0
[2021-09-01 00:42:46,165] {taskinstance.py:1184} INFO - Marking task as SUCCESS. dag_id=parallel_dag, task_id=task_3, execution_date=20210901T004228, start_date=20210901T004240, end_date=20210901T004246
[2021-09-01 00:42:46,317] {taskinstance.py:1245} INFO - 1 downstream tasks scheduled from follow-on schedule check
[2021-09-01 00:42:46,364] {local_task_job.py:151} INFO - Task exited with return code 0
