[2021-09-01 03:42:26,052] {taskinstance.py:876} INFO - Dependencies all met for <TaskInstance: xcom_dag.choose_best_model 2021-09-01T03:42:14.342626+00:00 [queued]>
[2021-09-01 03:42:26,096] {taskinstance.py:876} INFO - Dependencies all met for <TaskInstance: xcom_dag.choose_best_model 2021-09-01T03:42:14.342626+00:00 [queued]>
[2021-09-01 03:42:26,097] {taskinstance.py:1067} INFO - 
--------------------------------------------------------------------------------
[2021-09-01 03:42:26,098] {taskinstance.py:1068} INFO - Starting attempt 1 of 1
[2021-09-01 03:42:26,102] {taskinstance.py:1069} INFO - 
--------------------------------------------------------------------------------
[2021-09-01 03:42:26,130] {taskinstance.py:1087} INFO - Executing <Task(BranchPythonOperator): choose_best_model> on 2021-09-01T03:42:14.342626+00:00
[2021-09-01 03:42:26,135] {standard_task_runner.py:52} INFO - Started process 118939 to run task
[2021-09-01 03:42:26,153] {standard_task_runner.py:76} INFO - Running: ['airflow', 'tasks', 'run', 'xcom_dag', 'choose_best_model', '2021-09-01T03:42:14.342626+00:00', '--job-id', '49', '--pool', 'default_pool', '--raw', '--subdir', 'DAGS_FOLDER/xcom_dag.py', '--cfg-path', '/tmp/tmpc5hxbr_j', '--error-file', '/tmp/tmpsw4wjjng']
[2021-09-01 03:42:26,153] {standard_task_runner.py:77} INFO - Job 49: Subtask choose_best_model
[2021-09-01 03:42:26,508] {logging_mixin.py:104} INFO - Running <TaskInstance: xcom_dag.choose_best_model 2021-09-01T03:42:14.342626+00:00 [running]> on host airflowvm
[2021-09-01 03:42:26,847] {taskinstance.py:1280} INFO - Exporting the following env vars:
AIRFLOW_CTX_DAG_OWNER=airflow
AIRFLOW_CTX_DAG_ID=xcom_dag
AIRFLOW_CTX_TASK_ID=choose_best_model
AIRFLOW_CTX_EXECUTION_DATE=2021-09-01T03:42:14.342626+00:00
AIRFLOW_CTX_DAG_RUN_ID=manual__2021-09-01T03:42:14.342626+00:00
[2021-09-01 03:42:26,850] {logging_mixin.py:104} INFO - choose best model
[2021-09-01 03:42:26,879] {python.py:151} INFO - Done. Returned value was: accurate
[2021-09-01 03:42:26,883] {skipmixin.py:124} INFO - Following branch accurate
[2021-09-01 03:42:26,914] {skipmixin.py:155} INFO - Skipping tasks ['inaccurate']
[2021-09-01 03:42:27,032] {taskinstance.py:1184} INFO - Marking task as SUCCESS. dag_id=xcom_dag, task_id=choose_best_model, execution_date=20210901T034214, start_date=20210901T034226, end_date=20210901T034227
[2021-09-01 03:42:27,126] {taskinstance.py:1245} INFO - 1 downstream tasks scheduled from follow-on schedule check
[2021-09-01 03:42:27,180] {local_task_job.py:151} INFO - Task exited with return code 0
