[2021-09-01 00:00:02,871] {taskinstance.py:876} INFO - Dependencies all met for <TaskInstance: parallel_dag.task_1 2021-08-31T00:00:00+00:00 [queued]>
[2021-09-01 00:00:02,913] {taskinstance.py:876} INFO - Dependencies all met for <TaskInstance: parallel_dag.task_1 2021-08-31T00:00:00+00:00 [queued]>
[2021-09-01 00:00:02,917] {taskinstance.py:1067} INFO - 
--------------------------------------------------------------------------------
[2021-09-01 00:00:02,922] {taskinstance.py:1068} INFO - Starting attempt 1 of 1
[2021-09-01 00:00:02,923] {taskinstance.py:1069} INFO - 
--------------------------------------------------------------------------------
[2021-09-01 00:00:02,976] {taskinstance.py:1087} INFO - Executing <Task(BashOperator): task_1> on 2021-08-31T00:00:00+00:00
[2021-09-01 00:00:02,988] {standard_task_runner.py:52} INFO - Started process 83938 to run task
[2021-09-01 00:00:03,003] {standard_task_runner.py:76} INFO - Running: ['airflow', 'tasks', 'run', 'parallel_dag', 'task_1', '2021-08-31T00:00:00+00:00', '--job-id', '6', '--pool', 'default_pool', '--raw', '--subdir', 'DAGS_FOLDER/parallel_dag.py', '--cfg-path', '/tmp/tmp3zxa4rhk', '--error-file', '/tmp/tmpl4443g6h']
[2021-09-01 00:00:03,008] {standard_task_runner.py:77} INFO - Job 6: Subtask task_1
[2021-09-01 00:00:03,284] {logging_mixin.py:104} INFO - Running <TaskInstance: parallel_dag.task_1 2021-08-31T00:00:00+00:00 [running]> on host airflowvm
[2021-09-01 00:00:03,599] {taskinstance.py:1280} INFO - Exporting the following env vars:
AIRFLOW_CTX_DAG_OWNER=airflow
AIRFLOW_CTX_DAG_ID=parallel_dag
AIRFLOW_CTX_TASK_ID=task_1
AIRFLOW_CTX_EXECUTION_DATE=2021-08-31T00:00:00+00:00
AIRFLOW_CTX_DAG_RUN_ID=scheduled__2021-08-31T00:00:00+00:00
[2021-09-01 00:00:03,602] {subprocess.py:52} INFO - Tmp dir root location: 
 /tmp
[2021-09-01 00:00:03,610] {subprocess.py:63} INFO - Running command: ['bash', '-c', 'sleep 3']
[2021-09-01 00:00:03,635] {subprocess.py:75} INFO - Output:
[2021-09-01 00:00:06,637] {subprocess.py:83} INFO - Command exited with return code 0
[2021-09-01 00:00:06,704] {taskinstance.py:1184} INFO - Marking task as SUCCESS. dag_id=parallel_dag, task_id=task_1, execution_date=20210831T000000, start_date=20210901T000002, end_date=20210901T000006
[2021-09-01 00:00:06,757] {taskinstance.py:1245} INFO - 2 downstream tasks scheduled from follow-on schedule check
[2021-09-01 00:00:06,776] {local_task_job.py:151} INFO - Task exited with return code 0
