[2021-09-01 03:46:12,691] {taskinstance.py:876} INFO - Dependencies all met for <TaskInstance: xcom_dag.processing_tasks.training_model_a 2021-09-01T03:46:03.358983+00:00 [queued]>
[2021-09-01 03:46:12,852] {taskinstance.py:876} INFO - Dependencies all met for <TaskInstance: xcom_dag.processing_tasks.training_model_a 2021-09-01T03:46:03.358983+00:00 [queued]>
[2021-09-01 03:46:12,853] {taskinstance.py:1067} INFO - 
--------------------------------------------------------------------------------
[2021-09-01 03:46:12,853] {taskinstance.py:1068} INFO - Starting attempt 1 of 1
[2021-09-01 03:46:12,856] {taskinstance.py:1069} INFO - 
--------------------------------------------------------------------------------
[2021-09-01 03:46:12,898] {taskinstance.py:1087} INFO - Executing <Task(PythonOperator): processing_tasks.training_model_a> on 2021-09-01T03:46:03.358983+00:00
[2021-09-01 03:46:12,919] {standard_task_runner.py:52} INFO - Started process 121886 to run task
[2021-09-01 03:46:12,949] {standard_task_runner.py:76} INFO - Running: ['airflow', 'tasks', 'run', 'xcom_dag', 'processing_tasks.training_model_a', '2021-09-01T03:46:03.358983+00:00', '--job-id', '63', '--pool', 'default_pool', '--raw', '--subdir', 'DAGS_FOLDER/xcom_dag.py', '--cfg-path', '/tmp/tmpqygcw4a1', '--error-file', '/tmp/tmpmn37dyhk']
[2021-09-01 03:46:12,955] {standard_task_runner.py:77} INFO - Job 63: Subtask processing_tasks.training_model_a
[2021-09-01 03:46:13,503] {logging_mixin.py:104} INFO - Running <TaskInstance: xcom_dag.processing_tasks.training_model_a 2021-09-01T03:46:03.358983+00:00 [running]> on host airflowvm
[2021-09-01 03:46:14,173] {taskinstance.py:1280} INFO - Exporting the following env vars:
AIRFLOW_CTX_DAG_OWNER=airflow
AIRFLOW_CTX_DAG_ID=xcom_dag
AIRFLOW_CTX_TASK_ID=processing_tasks.training_model_a
AIRFLOW_CTX_EXECUTION_DATE=2021-09-01T03:46:03.358983+00:00
AIRFLOW_CTX_DAG_RUN_ID=manual__2021-09-01T03:46:03.358983+00:00
[2021-09-01 03:46:14,188] {logging_mixin.py:104} INFO - model's accuracy: 5.215200217592321
[2021-09-01 03:46:14,326] {python.py:151} INFO - Done. Returned value was: None
[2021-09-01 03:46:14,389] {taskinstance.py:1184} INFO - Marking task as SUCCESS. dag_id=xcom_dag, task_id=processing_tasks.training_model_a, execution_date=20210901T034603, start_date=20210901T034612, end_date=20210901T034614
[2021-09-01 03:46:14,623] {taskinstance.py:1245} INFO - 0 downstream tasks scheduled from follow-on schedule check
[2021-09-01 03:46:14,653] {local_task_job.py:151} INFO - Task exited with return code 0
