[2021-09-01 03:09:51,163] {taskinstance.py:876} INFO - Dependencies all met for <TaskInstance: xcom_dag.processing_tasks.training_model_a 2021-08-31T00:00:00+00:00 [queued]>
[2021-09-01 03:09:51,273] {taskinstance.py:876} INFO - Dependencies all met for <TaskInstance: xcom_dag.processing_tasks.training_model_a 2021-08-31T00:00:00+00:00 [queued]>
[2021-09-01 03:09:51,285] {taskinstance.py:1067} INFO - 
--------------------------------------------------------------------------------
[2021-09-01 03:09:51,292] {taskinstance.py:1068} INFO - Starting attempt 1 of 1
[2021-09-01 03:09:51,292] {taskinstance.py:1069} INFO - 
--------------------------------------------------------------------------------
[2021-09-01 03:09:51,365] {taskinstance.py:1087} INFO - Executing <Task(PythonOperator): processing_tasks.training_model_a> on 2021-08-31T00:00:00+00:00
[2021-09-01 03:09:51,399] {standard_task_runner.py:52} INFO - Started process 113584 to run task
[2021-09-01 03:09:51,425] {standard_task_runner.py:76} INFO - Running: ['airflow', 'tasks', 'run', 'xcom_dag', 'processing_tasks.training_model_a', '2021-08-31T00:00:00+00:00', '--job-id', '21', '--pool', 'default_pool', '--raw', '--subdir', 'DAGS_FOLDER/xcom_dag.py', '--cfg-path', '/tmp/tmphkohli9e', '--error-file', '/tmp/tmp4b56mnpv']
[2021-09-01 03:09:51,441] {standard_task_runner.py:77} INFO - Job 21: Subtask processing_tasks.training_model_a
[2021-09-01 03:09:51,904] {logging_mixin.py:104} INFO - Running <TaskInstance: xcom_dag.processing_tasks.training_model_a 2021-08-31T00:00:00+00:00 [running]> on host airflowvm
[2021-09-01 03:09:52,358] {taskinstance.py:1280} INFO - Exporting the following env vars:
AIRFLOW_CTX_DAG_OWNER=airflow
AIRFLOW_CTX_DAG_ID=xcom_dag
AIRFLOW_CTX_TASK_ID=processing_tasks.training_model_a
AIRFLOW_CTX_EXECUTION_DATE=2021-08-31T00:00:00+00:00
AIRFLOW_CTX_DAG_RUN_ID=scheduled__2021-08-31T00:00:00+00:00
[2021-09-01 03:09:52,371] {logging_mixin.py:104} INFO - model's accuracy: 3.598044505049928
[2021-09-01 03:09:52,371] {python.py:151} INFO - Done. Returned value was: 3.598044505049928
[2021-09-01 03:09:52,592] {taskinstance.py:1184} INFO - Marking task as SUCCESS. dag_id=xcom_dag, task_id=processing_tasks.training_model_a, execution_date=20210831T000000, start_date=20210901T030951, end_date=20210901T030952
[2021-09-01 03:09:52,816] {taskinstance.py:1245} INFO - 1 downstream tasks scheduled from follow-on schedule check
[2021-09-01 03:09:52,881] {local_task_job.py:151} INFO - Task exited with return code 0
