[2021-09-01 00:00:08,260] {taskinstance.py:876} INFO - Dependencies all met for <TaskInstance: parallel_dag.task_2 2021-08-31T00:00:00+00:00 [queued]>
[2021-09-01 00:00:08,310] {taskinstance.py:876} INFO - Dependencies all met for <TaskInstance: parallel_dag.task_2 2021-08-31T00:00:00+00:00 [queued]>
[2021-09-01 00:00:08,324] {taskinstance.py:1067} INFO - 
--------------------------------------------------------------------------------
[2021-09-01 00:00:08,325] {taskinstance.py:1068} INFO - Starting attempt 1 of 1
[2021-09-01 00:00:08,325] {taskinstance.py:1069} INFO - 
--------------------------------------------------------------------------------
[2021-09-01 00:00:08,432] {taskinstance.py:1087} INFO - Executing <Task(BashOperator): task_2> on 2021-08-31T00:00:00+00:00
[2021-09-01 00:00:08,445] {standard_task_runner.py:52} INFO - Started process 84147 to run task
[2021-09-01 00:00:08,467] {standard_task_runner.py:76} INFO - Running: ['airflow', 'tasks', 'run', 'parallel_dag', 'task_2', '2021-08-31T00:00:00+00:00', '--job-id', '7', '--pool', 'default_pool', '--raw', '--subdir', 'DAGS_FOLDER/parallel_dag.py', '--cfg-path', '/tmp/tmp1etyo5j1', '--error-file', '/tmp/tmpgv8qcxpr']
[2021-09-01 00:00:08,480] {standard_task_runner.py:77} INFO - Job 7: Subtask task_2
[2021-09-01 00:00:08,885] {logging_mixin.py:104} INFO - Running <TaskInstance: parallel_dag.task_2 2021-08-31T00:00:00+00:00 [running]> on host airflowvm
[2021-09-01 00:00:09,385] {taskinstance.py:1280} INFO - Exporting the following env vars:
AIRFLOW_CTX_DAG_OWNER=airflow
AIRFLOW_CTX_DAG_ID=parallel_dag
AIRFLOW_CTX_TASK_ID=task_2
AIRFLOW_CTX_EXECUTION_DATE=2021-08-31T00:00:00+00:00
AIRFLOW_CTX_DAG_RUN_ID=scheduled__2021-08-31T00:00:00+00:00
[2021-09-01 00:00:09,390] {subprocess.py:52} INFO - Tmp dir root location: 
 /tmp
[2021-09-01 00:00:09,403] {subprocess.py:63} INFO - Running command: ['bash', '-c', 'sleep 3']
[2021-09-01 00:00:09,436] {subprocess.py:75} INFO - Output:
[2021-09-01 00:00:12,445] {subprocess.py:83} INFO - Command exited with return code 0
[2021-09-01 00:00:12,548] {taskinstance.py:1184} INFO - Marking task as SUCCESS. dag_id=parallel_dag, task_id=task_2, execution_date=20210831T000000, start_date=20210901T000008, end_date=20210901T000012
[2021-09-01 00:00:12,623] {taskinstance.py:1245} INFO - 1 downstream tasks scheduled from follow-on schedule check
[2021-09-01 00:00:12,656] {local_task_job.py:151} INFO - Task exited with return code 0
