[2021-08-31 23:19:31,742] {taskinstance.py:876} INFO - Dependencies all met for <TaskInstance: parallel_dag.task_4 2021-08-30T00:00:00+00:00 [queued]>
[2021-08-31 23:19:31,748] {taskinstance.py:876} INFO - Dependencies all met for <TaskInstance: parallel_dag.task_4 2021-08-30T00:00:00+00:00 [queued]>
[2021-08-31 23:19:31,749] {taskinstance.py:1067} INFO - 
--------------------------------------------------------------------------------
[2021-08-31 23:19:31,749] {taskinstance.py:1068} INFO - Starting attempt 1 of 1
[2021-08-31 23:19:31,749] {taskinstance.py:1069} INFO - 
--------------------------------------------------------------------------------
[2021-08-31 23:19:31,768] {taskinstance.py:1087} INFO - Executing <Task(BashOperator): task_4> on 2021-08-30T00:00:00+00:00
[2021-08-31 23:19:31,770] {standard_task_runner.py:52} INFO - Started process 67760 to run task
[2021-08-31 23:19:31,791] {standard_task_runner.py:76} INFO - Running: ['airflow', 'tasks', 'run', 'parallel_dag', 'task_4', '2021-08-30T00:00:00+00:00', '--job-id', '41', '--pool', 'default_pool', '--raw', '--subdir', 'DAGS_FOLDER/parallel_dag.py', '--cfg-path', '/tmp/tmpdwzsr6xe', '--error-file', '/tmp/tmp9ro411cz']
[2021-08-31 23:19:31,791] {standard_task_runner.py:77} INFO - Job 41: Subtask task_4
[2021-08-31 23:19:31,990] {logging_mixin.py:104} INFO - Running <TaskInstance: parallel_dag.task_4 2021-08-30T00:00:00+00:00 [running]> on host airflowvm
[2021-08-31 23:19:32,247] {taskinstance.py:1280} INFO - Exporting the following env vars:
AIRFLOW_CTX_DAG_OWNER=airflow
AIRFLOW_CTX_DAG_ID=parallel_dag
AIRFLOW_CTX_TASK_ID=task_4
AIRFLOW_CTX_EXECUTION_DATE=2021-08-30T00:00:00+00:00
AIRFLOW_CTX_DAG_RUN_ID=scheduled__2021-08-30T00:00:00+00:00
[2021-08-31 23:19:32,261] {subprocess.py:52} INFO - Tmp dir root location: 
 /tmp
[2021-08-31 23:19:32,264] {subprocess.py:63} INFO - Running command: ['bash', '-c', 'sleep 3']
[2021-08-31 23:19:32,298] {subprocess.py:75} INFO - Output:
[2021-08-31 23:19:35,313] {subprocess.py:83} INFO - Command exited with return code 0
[2021-08-31 23:19:35,397] {taskinstance.py:1184} INFO - Marking task as SUCCESS. dag_id=parallel_dag, task_id=task_4, execution_date=20210830T000000, start_date=20210831T231931, end_date=20210831T231935
[2021-08-31 23:19:35,444] {taskinstance.py:1245} INFO - 0 downstream tasks scheduled from follow-on schedule check
[2021-08-31 23:19:35,486] {local_task_job.py:151} INFO - Task exited with return code 0
[2021-08-31 23:44:15,637] {taskinstance.py:876} INFO - Dependencies all met for <TaskInstance: parallel_dag.task_4 2021-08-30T00:00:00+00:00 [queued]>
[2021-08-31 23:44:15,655] {taskinstance.py:876} INFO - Dependencies all met for <TaskInstance: parallel_dag.task_4 2021-08-30T00:00:00+00:00 [queued]>
[2021-08-31 23:44:15,656] {taskinstance.py:1067} INFO - 
--------------------------------------------------------------------------------
[2021-08-31 23:44:15,656] {taskinstance.py:1068} INFO - Starting attempt 1 of 1
[2021-08-31 23:44:15,656] {taskinstance.py:1069} INFO - 
--------------------------------------------------------------------------------
[2021-08-31 23:44:15,726] {taskinstance.py:1087} INFO - Executing <Task(BashOperator): task_4> on 2021-08-30T00:00:00+00:00
[2021-08-31 23:44:15,730] {standard_task_runner.py:52} INFO - Started process 76460 to run task
[2021-08-31 23:44:15,744] {standard_task_runner.py:76} INFO - Running: ['airflow', 'tasks', 'run', 'parallel_dag', 'task_4', '2021-08-30T00:00:00+00:00', '--job-id', '5', '--pool', 'default_pool', '--raw', '--subdir', 'DAGS_FOLDER/parallel_dag.py', '--cfg-path', '/tmp/tmps_bl3z67', '--error-file', '/tmp/tmpxp1nt2d9']
[2021-08-31 23:44:15,751] {standard_task_runner.py:77} INFO - Job 5: Subtask task_4
[2021-08-31 23:44:16,039] {logging_mixin.py:104} INFO - Running <TaskInstance: parallel_dag.task_4 2021-08-30T00:00:00+00:00 [running]> on host airflowvm
[2021-08-31 23:44:16,288] {taskinstance.py:1280} INFO - Exporting the following env vars:
AIRFLOW_CTX_DAG_OWNER=airflow
AIRFLOW_CTX_DAG_ID=parallel_dag
AIRFLOW_CTX_TASK_ID=task_4
AIRFLOW_CTX_EXECUTION_DATE=2021-08-30T00:00:00+00:00
AIRFLOW_CTX_DAG_RUN_ID=scheduled__2021-08-30T00:00:00+00:00
[2021-08-31 23:44:16,290] {subprocess.py:52} INFO - Tmp dir root location: 
 /tmp
[2021-08-31 23:44:16,290] {subprocess.py:63} INFO - Running command: ['bash', '-c', 'sleep 3']
[2021-08-31 23:44:16,296] {subprocess.py:75} INFO - Output:
[2021-08-31 23:44:19,300] {subprocess.py:83} INFO - Command exited with return code 0
[2021-08-31 23:44:19,454] {taskinstance.py:1184} INFO - Marking task as SUCCESS. dag_id=parallel_dag, task_id=task_4, execution_date=20210830T000000, start_date=20210831T234415, end_date=20210831T234419
[2021-08-31 23:44:19,757] {taskinstance.py:1245} INFO - 0 downstream tasks scheduled from follow-on schedule check
[2021-08-31 23:44:19,826] {local_task_job.py:151} INFO - Task exited with return code 0
