[2021-08-31 23:19:22,414] {taskinstance.py:876} INFO - Dependencies all met for <TaskInstance: parallel_dag.task_3 2021-08-30T00:00:00+00:00 [queued]>
[2021-08-31 23:19:22,448] {taskinstance.py:876} INFO - Dependencies all met for <TaskInstance: parallel_dag.task_3 2021-08-30T00:00:00+00:00 [queued]>
[2021-08-31 23:19:22,454] {taskinstance.py:1067} INFO - 
--------------------------------------------------------------------------------
[2021-08-31 23:19:22,454] {taskinstance.py:1068} INFO - Starting attempt 1 of 1
[2021-08-31 23:19:22,454] {taskinstance.py:1069} INFO - 
--------------------------------------------------------------------------------
[2021-08-31 23:19:22,514] {taskinstance.py:1087} INFO - Executing <Task(BashOperator): task_3> on 2021-08-30T00:00:00+00:00
[2021-08-31 23:19:22,515] {standard_task_runner.py:52} INFO - Started process 67663 to run task
[2021-08-31 23:19:22,615] {standard_task_runner.py:76} INFO - Running: ['airflow', 'tasks', 'run', 'parallel_dag', 'task_3', '2021-08-30T00:00:00+00:00', '--job-id', '40', '--pool', 'default_pool', '--raw', '--subdir', 'DAGS_FOLDER/parallel_dag.py', '--cfg-path', '/tmp/tmpobozkl_9', '--error-file', '/tmp/tmp7f_c83xb']
[2021-08-31 23:19:22,620] {standard_task_runner.py:77} INFO - Job 40: Subtask task_3
[2021-08-31 23:19:23,042] {logging_mixin.py:104} INFO - Running <TaskInstance: parallel_dag.task_3 2021-08-30T00:00:00+00:00 [running]> on host airflowvm
[2021-08-31 23:19:23,322] {taskinstance.py:1280} INFO - Exporting the following env vars:
AIRFLOW_CTX_DAG_OWNER=airflow
AIRFLOW_CTX_DAG_ID=parallel_dag
AIRFLOW_CTX_TASK_ID=task_3
AIRFLOW_CTX_EXECUTION_DATE=2021-08-30T00:00:00+00:00
AIRFLOW_CTX_DAG_RUN_ID=scheduled__2021-08-30T00:00:00+00:00
[2021-08-31 23:19:23,322] {subprocess.py:52} INFO - Tmp dir root location: 
 /tmp
[2021-08-31 23:19:23,368] {subprocess.py:63} INFO - Running command: ['bash', '-c', 'sleep 3']
[2021-08-31 23:19:23,398] {subprocess.py:75} INFO - Output:
[2021-08-31 23:19:26,402] {subprocess.py:83} INFO - Command exited with return code 0
[2021-08-31 23:19:26,465] {taskinstance.py:1184} INFO - Marking task as SUCCESS. dag_id=parallel_dag, task_id=task_3, execution_date=20210830T000000, start_date=20210831T231922, end_date=20210831T231926
[2021-08-31 23:19:26,605] {taskinstance.py:1245} INFO - 1 downstream tasks scheduled from follow-on schedule check
[2021-08-31 23:19:26,635] {local_task_job.py:151} INFO - Task exited with return code 0
[2021-08-31 23:44:09,849] {taskinstance.py:876} INFO - Dependencies all met for <TaskInstance: parallel_dag.task_3 2021-08-30T00:00:00+00:00 [queued]>
[2021-08-31 23:44:09,901] {taskinstance.py:876} INFO - Dependencies all met for <TaskInstance: parallel_dag.task_3 2021-08-30T00:00:00+00:00 [queued]>
[2021-08-31 23:44:09,904] {taskinstance.py:1067} INFO - 
--------------------------------------------------------------------------------
[2021-08-31 23:44:09,906] {taskinstance.py:1068} INFO - Starting attempt 1 of 1
[2021-08-31 23:44:09,907] {taskinstance.py:1069} INFO - 
--------------------------------------------------------------------------------
[2021-08-31 23:44:09,957] {taskinstance.py:1087} INFO - Executing <Task(BashOperator): task_3> on 2021-08-30T00:00:00+00:00
[2021-08-31 23:44:09,976] {standard_task_runner.py:52} INFO - Started process 76245 to run task
[2021-08-31 23:44:09,996] {standard_task_runner.py:76} INFO - Running: ['airflow', 'tasks', 'run', 'parallel_dag', 'task_3', '2021-08-30T00:00:00+00:00', '--job-id', '4', '--pool', 'default_pool', '--raw', '--subdir', 'DAGS_FOLDER/parallel_dag.py', '--cfg-path', '/tmp/tmpvznx2o5b', '--error-file', '/tmp/tmpb535s05t']
[2021-08-31 23:44:09,997] {standard_task_runner.py:77} INFO - Job 4: Subtask task_3
[2021-08-31 23:44:10,290] {logging_mixin.py:104} INFO - Running <TaskInstance: parallel_dag.task_3 2021-08-30T00:00:00+00:00 [running]> on host airflowvm
[2021-08-31 23:44:10,738] {taskinstance.py:1280} INFO - Exporting the following env vars:
AIRFLOW_CTX_DAG_OWNER=airflow
AIRFLOW_CTX_DAG_ID=parallel_dag
AIRFLOW_CTX_TASK_ID=task_3
AIRFLOW_CTX_EXECUTION_DATE=2021-08-30T00:00:00+00:00
AIRFLOW_CTX_DAG_RUN_ID=scheduled__2021-08-30T00:00:00+00:00
[2021-08-31 23:44:10,755] {subprocess.py:52} INFO - Tmp dir root location: 
 /tmp
[2021-08-31 23:44:10,755] {subprocess.py:63} INFO - Running command: ['bash', '-c', 'sleep 3']
[2021-08-31 23:44:10,790] {subprocess.py:75} INFO - Output:
[2021-08-31 23:44:13,796] {subprocess.py:83} INFO - Command exited with return code 0
[2021-08-31 23:44:13,952] {taskinstance.py:1184} INFO - Marking task as SUCCESS. dag_id=parallel_dag, task_id=task_3, execution_date=20210830T000000, start_date=20210831T234409, end_date=20210831T234413
[2021-08-31 23:44:14,177] {taskinstance.py:1245} INFO - 1 downstream tasks scheduled from follow-on schedule check
[2021-08-31 23:44:14,224] {local_task_job.py:151} INFO - Task exited with return code 0
