[2021-09-01 00:42:31,279] {taskinstance.py:876} INFO - Dependencies all met for <TaskInstance: parallel_dag.task_1 2021-09-01T00:42:28.717277+00:00 [queued]>
[2021-09-01 00:42:31,340] {taskinstance.py:876} INFO - Dependencies all met for <TaskInstance: parallel_dag.task_1 2021-09-01T00:42:28.717277+00:00 [queued]>
[2021-09-01 00:42:31,342] {taskinstance.py:1067} INFO - 
--------------------------------------------------------------------------------
[2021-09-01 00:42:31,343] {taskinstance.py:1068} INFO - Starting attempt 1 of 1
[2021-09-01 00:42:31,345] {taskinstance.py:1069} INFO - 
--------------------------------------------------------------------------------
[2021-09-01 00:42:31,480] {taskinstance.py:1087} INFO - Executing <Task(BashOperator): task_1> on 2021-09-01T00:42:28.717277+00:00
[2021-09-01 00:42:31,496] {standard_task_runner.py:52} INFO - Started process 96997 to run task
[2021-09-01 00:42:31,524] {standard_task_runner.py:76} INFO - Running: ['airflow', 'tasks', 'run', 'parallel_dag', 'task_1', '2021-09-01T00:42:28.717277+00:00', '--job-id', '11', '--pool', 'default_pool', '--raw', '--subdir', 'DAGS_FOLDER/parallel_dag.py', '--cfg-path', '/tmp/tmpjd6u9xc4', '--error-file', '/tmp/tmp_79x2kb_']
[2021-09-01 00:42:31,532] {standard_task_runner.py:77} INFO - Job 11: Subtask task_1
[2021-09-01 00:42:32,115] {logging_mixin.py:104} INFO - Running <TaskInstance: parallel_dag.task_1 2021-09-01T00:42:28.717277+00:00 [running]> on host airflowvm
[2021-09-01 00:42:32,713] {taskinstance.py:1280} INFO - Exporting the following env vars:
AIRFLOW_CTX_DAG_OWNER=airflow
AIRFLOW_CTX_DAG_ID=parallel_dag
AIRFLOW_CTX_TASK_ID=task_1
AIRFLOW_CTX_EXECUTION_DATE=2021-09-01T00:42:28.717277+00:00
AIRFLOW_CTX_DAG_RUN_ID=manual__2021-09-01T00:42:28.717277+00:00
[2021-09-01 00:42:32,713] {subprocess.py:52} INFO - Tmp dir root location: 
 /tmp
[2021-09-01 00:42:32,714] {subprocess.py:63} INFO - Running command: ['bash', '-c', 'sleep 3']
[2021-09-01 00:42:32,749] {subprocess.py:75} INFO - Output:
[2021-09-01 00:42:35,785] {subprocess.py:83} INFO - Command exited with return code 0
[2021-09-01 00:42:36,123] {taskinstance.py:1184} INFO - Marking task as SUCCESS. dag_id=parallel_dag, task_id=task_1, execution_date=20210901T004228, start_date=20210901T004231, end_date=20210901T004236
[2021-09-01 00:42:36,294] {taskinstance.py:1245} INFO - 2 downstream tasks scheduled from follow-on schedule check
[2021-09-01 00:42:36,312] {local_task_job.py:151} INFO - Task exited with return code 0
