[2021-09-01 03:37:47,740] {taskinstance.py:876} INFO - Dependencies all met for <TaskInstance: xcom_dag.downloading_data 2021-09-01T03:37:46.011372+00:00 [queued]>
[2021-09-01 03:37:47,777] {taskinstance.py:876} INFO - Dependencies all met for <TaskInstance: xcom_dag.downloading_data 2021-09-01T03:37:46.011372+00:00 [queued]>
[2021-09-01 03:37:47,777] {taskinstance.py:1067} INFO - 
--------------------------------------------------------------------------------
[2021-09-01 03:37:47,777] {taskinstance.py:1068} INFO - Starting attempt 1 of 1
[2021-09-01 03:37:47,778] {taskinstance.py:1069} INFO - 
--------------------------------------------------------------------------------
[2021-09-01 03:37:47,809] {taskinstance.py:1087} INFO - Executing <Task(BashOperator): downloading_data> on 2021-09-01T03:37:46.011372+00:00
[2021-09-01 03:37:47,818] {standard_task_runner.py:52} INFO - Started process 117395 to run task
[2021-09-01 03:37:47,854] {standard_task_runner.py:76} INFO - Running: ['airflow', 'tasks', 'run', 'xcom_dag', 'downloading_data', '2021-09-01T03:37:46.011372+00:00', '--job-id', '39', '--pool', 'default_pool', '--raw', '--subdir', 'DAGS_FOLDER/xcom_dag.py', '--cfg-path', '/tmp/tmpj2q7izso', '--error-file', '/tmp/tmpk2_28iyi']
[2021-09-01 03:37:47,868] {standard_task_runner.py:77} INFO - Job 39: Subtask downloading_data
[2021-09-01 03:37:48,205] {logging_mixin.py:104} INFO - Running <TaskInstance: xcom_dag.downloading_data 2021-09-01T03:37:46.011372+00:00 [running]> on host airflowvm
[2021-09-01 03:37:48,530] {taskinstance.py:1280} INFO - Exporting the following env vars:
AIRFLOW_CTX_DAG_OWNER=airflow
AIRFLOW_CTX_DAG_ID=xcom_dag
AIRFLOW_CTX_TASK_ID=downloading_data
AIRFLOW_CTX_EXECUTION_DATE=2021-09-01T03:37:46.011372+00:00
AIRFLOW_CTX_DAG_RUN_ID=manual__2021-09-01T03:37:46.011372+00:00
[2021-09-01 03:37:48,532] {subprocess.py:52} INFO - Tmp dir root location: 
 /tmp
[2021-09-01 03:37:48,536] {subprocess.py:63} INFO - Running command: ['bash', '-c', 'sleep 3']
[2021-09-01 03:37:48,578] {subprocess.py:75} INFO - Output:
[2021-09-01 03:37:51,581] {subprocess.py:83} INFO - Command exited with return code 0
[2021-09-01 03:37:51,636] {taskinstance.py:1184} INFO - Marking task as SUCCESS. dag_id=xcom_dag, task_id=downloading_data, execution_date=20210901T033746, start_date=20210901T033747, end_date=20210901T033751
[2021-09-01 03:37:51,688] {taskinstance.py:1245} INFO - 3 downstream tasks scheduled from follow-on schedule check
[2021-09-01 03:37:51,730] {local_task_job.py:151} INFO - Task exited with return code 0
