[2021-09-01 03:47:47,698] {taskinstance.py:876} INFO - Dependencies all met for <TaskInstance: xcom_dag.processing_tasks.training_model_c 2021-09-01T03:47:38.210849+00:00 [queued]>
[2021-09-01 03:47:47,863] {taskinstance.py:876} INFO - Dependencies all met for <TaskInstance: xcom_dag.processing_tasks.training_model_c 2021-09-01T03:47:38.210849+00:00 [queued]>
[2021-09-01 03:47:47,873] {taskinstance.py:1067} INFO - 
--------------------------------------------------------------------------------
[2021-09-01 03:47:47,875] {taskinstance.py:1068} INFO - Starting attempt 1 of 1
[2021-09-01 03:47:47,892] {taskinstance.py:1069} INFO - 
--------------------------------------------------------------------------------
[2021-09-01 03:47:47,974] {taskinstance.py:1087} INFO - Executing <Task(PythonOperator): processing_tasks.training_model_c> on 2021-09-01T03:47:38.210849+00:00
[2021-09-01 03:47:48,021] {standard_task_runner.py:52} INFO - Started process 123010 to run task
[2021-09-01 03:47:48,141] {standard_task_runner.py:76} INFO - Running: ['airflow', 'tasks', 'run', 'xcom_dag', 'processing_tasks.training_model_c', '2021-09-01T03:47:38.210849+00:00', '--job-id', '68', '--pool', 'default_pool', '--raw', '--subdir', 'DAGS_FOLDER/xcom_dag.py', '--cfg-path', '/tmp/tmpe2frsknw', '--error-file', '/tmp/tmp4rpjbtve']
[2021-09-01 03:47:48,142] {standard_task_runner.py:77} INFO - Job 68: Subtask processing_tasks.training_model_c
[2021-09-01 03:47:48,670] {logging_mixin.py:104} INFO - Running <TaskInstance: xcom_dag.processing_tasks.training_model_c 2021-09-01T03:47:38.210849+00:00 [running]> on host airflowvm
[2021-09-01 03:47:49,451] {taskinstance.py:1280} INFO - Exporting the following env vars:
AIRFLOW_CTX_DAG_OWNER=airflow
AIRFLOW_CTX_DAG_ID=xcom_dag
AIRFLOW_CTX_TASK_ID=processing_tasks.training_model_c
AIRFLOW_CTX_EXECUTION_DATE=2021-09-01T03:47:38.210849+00:00
AIRFLOW_CTX_DAG_RUN_ID=manual__2021-09-01T03:47:38.210849+00:00
[2021-09-01 03:47:49,452] {logging_mixin.py:104} INFO - model's accuracy: 4.299941706709232
[2021-09-01 03:47:49,595] {python.py:151} INFO - Done. Returned value was: None
[2021-09-01 03:47:49,688] {taskinstance.py:1184} INFO - Marking task as SUCCESS. dag_id=xcom_dag, task_id=processing_tasks.training_model_c, execution_date=20210901T034738, start_date=20210901T034747, end_date=20210901T034749
[2021-09-01 03:47:49,990] {taskinstance.py:1245} INFO - 0 downstream tasks scheduled from follow-on schedule check
[2021-09-01 03:47:50,040] {local_task_job.py:151} INFO - Task exited with return code 0
