[2021-09-01 03:47:52,295] {taskinstance.py:876} INFO - Dependencies all met for <TaskInstance: xcom_dag.choose_best_model 2021-09-01T03:47:38.210849+00:00 [queued]>
[2021-09-01 03:47:52,350] {taskinstance.py:876} INFO - Dependencies all met for <TaskInstance: xcom_dag.choose_best_model 2021-09-01T03:47:38.210849+00:00 [queued]>
[2021-09-01 03:47:52,351] {taskinstance.py:1067} INFO - 
--------------------------------------------------------------------------------
[2021-09-01 03:47:52,354] {taskinstance.py:1068} INFO - Starting attempt 1 of 1
[2021-09-01 03:47:52,354] {taskinstance.py:1069} INFO - 
--------------------------------------------------------------------------------
[2021-09-01 03:47:52,374] {taskinstance.py:1087} INFO - Executing <Task(BranchPythonOperator): choose_best_model> on 2021-09-01T03:47:38.210849+00:00
[2021-09-01 03:47:52,403] {standard_task_runner.py:76} INFO - Running: ['airflow', 'tasks', 'run', 'xcom_dag', 'choose_best_model', '2021-09-01T03:47:38.210849+00:00', '--job-id', '69', '--pool', 'default_pool', '--raw', '--subdir', 'DAGS_FOLDER/xcom_dag.py', '--cfg-path', '/tmp/tmpg7cabtxi', '--error-file', '/tmp/tmp4k233pqn']
[2021-09-01 03:47:52,408] {standard_task_runner.py:77} INFO - Job 69: Subtask choose_best_model
[2021-09-01 03:47:52,418] {standard_task_runner.py:52} INFO - Started process 123194 to run task
[2021-09-01 03:47:52,739] {logging_mixin.py:104} INFO - Running <TaskInstance: xcom_dag.choose_best_model 2021-09-01T03:47:38.210849+00:00 [running]> on host airflowvm
[2021-09-01 03:47:53,062] {taskinstance.py:1280} INFO - Exporting the following env vars:
AIRFLOW_CTX_DAG_OWNER=airflow
AIRFLOW_CTX_DAG_ID=xcom_dag
AIRFLOW_CTX_TASK_ID=choose_best_model
AIRFLOW_CTX_EXECUTION_DATE=2021-09-01T03:47:38.210849+00:00
AIRFLOW_CTX_DAG_RUN_ID=manual__2021-09-01T03:47:38.210849+00:00
[2021-09-01 03:47:53,063] {logging_mixin.py:104} INFO - choose best model
[2021-09-01 03:47:53,102] {python.py:151} INFO - Done. Returned value was: accurate
[2021-09-01 03:47:53,102] {skipmixin.py:124} INFO - Following branch accurate
[2021-09-01 03:47:53,162] {skipmixin.py:155} INFO - Skipping tasks ['inaccurate']
[2021-09-01 03:47:53,406] {taskinstance.py:1184} INFO - Marking task as SUCCESS. dag_id=xcom_dag, task_id=choose_best_model, execution_date=20210901T034738, start_date=20210901T034752, end_date=20210901T034753
[2021-09-01 03:47:53,598] {taskinstance.py:1245} INFO - 0 downstream tasks scheduled from follow-on schedule check
[2021-09-01 03:47:53,638] {local_task_job.py:151} INFO - Task exited with return code 0
