[2021-09-01 03:09:51,160] {taskinstance.py:876} INFO - Dependencies all met for <TaskInstance: xcom_dag.processing_tasks.training_model_b 2021-08-31T00:00:00+00:00 [queued]>
[2021-09-01 03:09:51,283] {taskinstance.py:876} INFO - Dependencies all met for <TaskInstance: xcom_dag.processing_tasks.training_model_b 2021-08-31T00:00:00+00:00 [queued]>
[2021-09-01 03:09:51,291] {taskinstance.py:1067} INFO - 
--------------------------------------------------------------------------------
[2021-09-01 03:09:51,291] {taskinstance.py:1068} INFO - Starting attempt 1 of 1
[2021-09-01 03:09:51,291] {taskinstance.py:1069} INFO - 
--------------------------------------------------------------------------------
[2021-09-01 03:09:51,369] {taskinstance.py:1087} INFO - Executing <Task(PythonOperator): processing_tasks.training_model_b> on 2021-08-31T00:00:00+00:00
[2021-09-01 03:09:51,406] {standard_task_runner.py:52} INFO - Started process 113583 to run task
[2021-09-01 03:09:51,437] {standard_task_runner.py:76} INFO - Running: ['airflow', 'tasks', 'run', 'xcom_dag', 'processing_tasks.training_model_b', '2021-08-31T00:00:00+00:00', '--job-id', '22', '--pool', 'default_pool', '--raw', '--subdir', 'DAGS_FOLDER/xcom_dag.py', '--cfg-path', '/tmp/tmppavdz868', '--error-file', '/tmp/tmpg5xkem2o']
[2021-09-01 03:09:51,438] {standard_task_runner.py:77} INFO - Job 22: Subtask processing_tasks.training_model_b
[2021-09-01 03:09:51,907] {logging_mixin.py:104} INFO - Running <TaskInstance: xcom_dag.processing_tasks.training_model_b 2021-08-31T00:00:00+00:00 [running]> on host airflowvm
[2021-09-01 03:09:52,388] {taskinstance.py:1280} INFO - Exporting the following env vars:
AIRFLOW_CTX_DAG_OWNER=airflow
AIRFLOW_CTX_DAG_ID=xcom_dag
AIRFLOW_CTX_TASK_ID=processing_tasks.training_model_b
AIRFLOW_CTX_EXECUTION_DATE=2021-08-31T00:00:00+00:00
AIRFLOW_CTX_DAG_RUN_ID=scheduled__2021-08-31T00:00:00+00:00
[2021-09-01 03:09:52,391] {logging_mixin.py:104} INFO - model's accuracy: 3.9942193202827276
[2021-09-01 03:09:52,392] {python.py:151} INFO - Done. Returned value was: 3.9942193202827276
[2021-09-01 03:09:52,662] {taskinstance.py:1184} INFO - Marking task as SUCCESS. dag_id=xcom_dag, task_id=processing_tasks.training_model_b, execution_date=20210831T000000, start_date=20210901T030951, end_date=20210901T030952
[2021-09-01 03:09:52,844] {taskinstance.py:1245} INFO - 0 downstream tasks scheduled from follow-on schedule check
[2021-09-01 03:09:52,902] {local_task_job.py:151} INFO - Task exited with return code 0
