[2021-09-01 02:51:24,486] {taskinstance.py:876} INFO - Dependencies all met for <TaskInstance: parallel_dag.processing_tasks.task_3 2021-09-01T02:51:16.411161+00:00 [queued]>
[2021-09-01 02:51:24,609] {taskinstance.py:876} INFO - Dependencies all met for <TaskInstance: parallel_dag.processing_tasks.task_3 2021-09-01T02:51:16.411161+00:00 [queued]>
[2021-09-01 02:51:24,624] {taskinstance.py:1067} INFO - 
--------------------------------------------------------------------------------
[2021-09-01 02:51:24,625] {taskinstance.py:1068} INFO - Starting attempt 1 of 1
[2021-09-01 02:51:24,625] {taskinstance.py:1069} INFO - 
--------------------------------------------------------------------------------
[2021-09-01 02:51:24,707] {taskinstance.py:1087} INFO - Executing <Task(BashOperator): processing_tasks.task_3> on 2021-09-01T02:51:16.411161+00:00
[2021-09-01 02:51:24,714] {standard_task_runner.py:52} INFO - Started process 110226 to run task
[2021-09-01 02:51:24,772] {standard_task_runner.py:76} INFO - Running: ['airflow', 'tasks', 'run', 'parallel_dag', 'processing_tasks.task_3', '2021-09-01T02:51:16.411161+00:00', '--job-id', '17', '--pool', 'default_pool', '--raw', '--subdir', 'DAGS_FOLDER/parallel_dag.py', '--cfg-path', '/tmp/tmp8r_uxuho', '--error-file', '/tmp/tmptgyl1k3i']
[2021-09-01 02:51:24,776] {standard_task_runner.py:77} INFO - Job 17: Subtask processing_tasks.task_3
[2021-09-01 02:51:25,159] {logging_mixin.py:104} INFO - Running <TaskInstance: parallel_dag.processing_tasks.task_3 2021-09-01T02:51:16.411161+00:00 [running]> on host airflowvm
[2021-09-01 02:51:25,613] {taskinstance.py:1280} INFO - Exporting the following env vars:
AIRFLOW_CTX_DAG_OWNER=airflow
AIRFLOW_CTX_DAG_ID=parallel_dag
AIRFLOW_CTX_TASK_ID=processing_tasks.task_3
AIRFLOW_CTX_EXECUTION_DATE=2021-09-01T02:51:16.411161+00:00
AIRFLOW_CTX_DAG_RUN_ID=manual__2021-09-01T02:51:16.411161+00:00
[2021-09-01 02:51:25,624] {subprocess.py:52} INFO - Tmp dir root location: 
 /tmp
[2021-09-01 02:51:25,629] {subprocess.py:63} INFO - Running command: ['bash', '-c', 'sleep 3']
[2021-09-01 02:51:25,653] {subprocess.py:75} INFO - Output:
[2021-09-01 02:51:28,659] {subprocess.py:83} INFO - Command exited with return code 0
[2021-09-01 02:51:28,785] {taskinstance.py:1184} INFO - Marking task as SUCCESS. dag_id=parallel_dag, task_id=processing_tasks.task_3, execution_date=20210901T025116, start_date=20210901T025124, end_date=20210901T025128
[2021-09-01 02:51:28,863] {taskinstance.py:1245} INFO - 0 downstream tasks scheduled from follow-on schedule check
[2021-09-01 02:51:28,880] {local_task_job.py:151} INFO - Task exited with return code 0
