[2021-09-02 22:44:13,642] {taskinstance.py:876} INFO - Dependencies all met for <TaskInstance: elasticsearch_dag.connections_to_es 2021-09-02T21:35:44.881479+00:00 [queued]>
[2021-09-02 22:44:13,701] {taskinstance.py:876} INFO - Dependencies all met for <TaskInstance: elasticsearch_dag.connections_to_es 2021-09-02T21:35:44.881479+00:00 [queued]>
[2021-09-02 22:44:13,703] {taskinstance.py:1067} INFO - 
--------------------------------------------------------------------------------
[2021-09-02 22:44:13,704] {taskinstance.py:1068} INFO - Starting attempt 4 of 4
[2021-09-02 22:44:13,704] {taskinstance.py:1069} INFO - 
--------------------------------------------------------------------------------
[2021-09-02 22:44:13,717] {taskinstance.py:1087} INFO - Executing <Task(PostgresToElasticOperator): connections_to_es> on 2021-09-02T21:35:44.881479+00:00
[2021-09-02 22:44:13,719] {standard_task_runner.py:52} INFO - Started process 49606 to run task
[2021-09-02 22:44:13,729] {standard_task_runner.py:76} INFO - Running: ['airflow', 'tasks', 'run', 'elasticsearch_dag', 'connections_to_es', '2021-09-02T21:35:44.881479+00:00', '--job-id', '92', '--pool', 'default_pool', '--raw', '--subdir', 'DAGS_FOLDER/elasticsearch_dag.py', '--cfg-path', '/tmp/tmpdik5syfa', '--error-file', '/tmp/tmpnoj2l74e']
[2021-09-02 22:44:13,731] {standard_task_runner.py:77} INFO - Job 92: Subtask connections_to_es
[2021-09-02 22:44:13,950] {logging_mixin.py:104} INFO - Running <TaskInstance: elasticsearch_dag.connections_to_es 2021-09-02T21:35:44.881479+00:00 [running]> on host airflowvm
[2021-09-02 22:44:14,198] {taskinstance.py:1280} INFO - Exporting the following env vars:
AIRFLOW_CTX_DAG_OWNER=airflow
AIRFLOW_CTX_DAG_ID=elasticsearch_dag
AIRFLOW_CTX_TASK_ID=connections_to_es
AIRFLOW_CTX_EXECUTION_DATE=2021-09-02T21:35:44.881479+00:00
AIRFLOW_CTX_DAG_RUN_ID=manual__2021-09-02T21:35:44.881479+00:00
[2021-09-02 22:44:14,216] {base.py:69} INFO - Using connection to: id: elasticsearch_default. Host: localhost, Port: 9200, Schema: http, Login: None, Password: None, extra: {}
[2021-09-02 22:44:14,254] {base.py:69} INFO - Using connection to: id: ***_default. Host: localhost, Port: 5432, Schema: , Login: ***, Password: ***, extra: {'cursor': 'realdictcursor'}
[2021-09-02 22:44:15,038] {logging_mixin.py:104} WARNING - /home/airflow/sandbox/lib/python3.8/site-packages/elasticsearch/connection/base.py:193 ElasticsearchDeprecationWarning: Elasticsearch built-in security features are not enabled. Without authentication, your cluster could be accessible to anyone. See https://www.elastic.co/guide/en/elasticsearch/reference/7.14/security-minimal-setup.html to enable security.
[2021-09-02 22:44:15,040] {logging_mixin.py:104} WARNING - /home/airflow/sandbox/lib/python3.8/site-packages/elasticsearch/connection/base.py:193 ElasticsearchDeprecationWarning: [types removal] Specifying types in document index requests is deprecated, use the typeless endpoints instead (/{index}/_doc/{id}, /{index}/_doc, or /{index}/_create/{id}).
[2021-09-02 22:44:15,046] {base.py:255} INFO - POST http://localhost:9200/connections/external [status:201 request:0.748s]
[2021-09-02 22:44:15,086] {base.py:255} INFO - POST http://localhost:9200/connections/external [status:201 request:0.028s]
[2021-09-02 22:44:15,223] {base.py:255} INFO - POST http://localhost:9200/connections/external [status:201 request:0.137s]
[2021-09-02 22:44:15,241] {base.py:255} INFO - POST http://localhost:9200/connections/external [status:201 request:0.018s]
[2021-09-02 22:44:15,259] {base.py:255} INFO - POST http://localhost:9200/connections/external [status:201 request:0.016s]
[2021-09-02 22:44:15,269] {base.py:255} INFO - POST http://localhost:9200/connections/external [status:201 request:0.010s]
[2021-09-02 22:44:15,283] {base.py:255} INFO - POST http://localhost:9200/connections/external [status:201 request:0.013s]
[2021-09-02 22:44:15,378] {base.py:255} INFO - POST http://localhost:9200/connections/external [status:201 request:0.094s]
[2021-09-02 22:44:15,390] {base.py:255} INFO - POST http://localhost:9200/connections/external [status:201 request:0.011s]
[2021-09-02 22:44:15,404] {base.py:255} INFO - POST http://localhost:9200/connections/external [status:201 request:0.013s]
[2021-09-02 22:44:15,416] {base.py:255} INFO - POST http://localhost:9200/connections/external [status:201 request:0.011s]
[2021-09-02 22:44:15,431] {base.py:255} INFO - POST http://localhost:9200/connections/external [status:201 request:0.013s]
[2021-09-02 22:44:15,452] {base.py:255} INFO - POST http://localhost:9200/connections/external [status:201 request:0.018s]
[2021-09-02 22:44:15,472] {base.py:255} INFO - POST http://localhost:9200/connections/external [status:201 request:0.020s]
[2021-09-02 22:44:15,483] {base.py:255} INFO - POST http://localhost:9200/connections/external [status:201 request:0.010s]
[2021-09-02 22:44:15,500] {base.py:255} INFO - POST http://localhost:9200/connections/external [status:201 request:0.015s]
[2021-09-02 22:44:15,516] {base.py:255} INFO - POST http://localhost:9200/connections/external [status:201 request:0.015s]
[2021-09-02 22:44:15,535] {base.py:255} INFO - POST http://localhost:9200/connections/external [status:201 request:0.016s]
[2021-09-02 22:44:15,556] {base.py:255} INFO - POST http://localhost:9200/connections/external [status:201 request:0.018s]
[2021-09-02 22:44:15,575] {base.py:255} INFO - POST http://localhost:9200/connections/external [status:201 request:0.016s]
[2021-09-02 22:44:15,585] {base.py:255} INFO - POST http://localhost:9200/connections/external [status:201 request:0.009s]
[2021-09-02 22:44:15,732] {base.py:255} INFO - POST http://localhost:9200/connections/external [status:201 request:0.146s]
[2021-09-02 22:44:15,752] {base.py:255} INFO - POST http://localhost:9200/connections/external [status:201 request:0.018s]
[2021-09-02 22:44:15,801] {base.py:255} INFO - POST http://localhost:9200/connections/external [status:201 request:0.046s]
[2021-09-02 22:44:15,850] {base.py:255} INFO - POST http://localhost:9200/connections/external [status:201 request:0.043s]
[2021-09-02 22:44:15,871] {base.py:255} INFO - POST http://localhost:9200/connections/external [status:201 request:0.019s]
[2021-09-02 22:44:15,880] {base.py:255} INFO - POST http://localhost:9200/connections/external [status:201 request:0.008s]
[2021-09-02 22:44:15,892] {base.py:255} INFO - POST http://localhost:9200/connections/external [status:201 request:0.011s]
[2021-09-02 22:44:15,906] {base.py:255} INFO - POST http://localhost:9200/connections/external [status:201 request:0.013s]
[2021-09-02 22:44:15,922] {base.py:255} INFO - POST http://localhost:9200/connections/external [status:201 request:0.007s]
[2021-09-02 22:44:15,931] {base.py:255} INFO - POST http://localhost:9200/connections/external [status:201 request:0.008s]
[2021-09-02 22:44:15,939] {base.py:255} INFO - POST http://localhost:9200/connections/external [status:201 request:0.007s]
[2021-09-02 22:44:15,950] {base.py:255} INFO - POST http://localhost:9200/connections/external [status:201 request:0.010s]
[2021-09-02 22:44:15,959] {base.py:255} INFO - POST http://localhost:9200/connections/external [status:201 request:0.008s]
[2021-09-02 22:44:15,968] {base.py:255} INFO - POST http://localhost:9200/connections/external [status:201 request:0.008s]
[2021-09-02 22:44:15,980] {base.py:255} INFO - POST http://localhost:9200/connections/external [status:201 request:0.011s]
[2021-09-02 22:44:15,994] {base.py:255} INFO - POST http://localhost:9200/connections/external [status:201 request:0.013s]
[2021-09-02 22:44:16,001] {base.py:255} INFO - POST http://localhost:9200/connections/external [status:201 request:0.006s]
[2021-09-02 22:44:16,017] {base.py:255} INFO - POST http://localhost:9200/connections/external [status:201 request:0.014s]
[2021-09-02 22:44:16,031] {base.py:255} INFO - POST http://localhost:9200/connections/external [status:201 request:0.013s]
[2021-09-02 22:44:16,051] {base.py:255} INFO - POST http://localhost:9200/connections/external [status:201 request:0.020s]
[2021-09-02 22:44:16,065] {base.py:255} INFO - POST http://localhost:9200/connections/external [status:201 request:0.013s]
[2021-09-02 22:44:16,105] {base.py:255} INFO - POST http://localhost:9200/connections/external [status:201 request:0.039s]
[2021-09-02 22:44:16,132] {base.py:255} INFO - POST http://localhost:9200/connections/external [status:201 request:0.027s]
[2021-09-02 22:44:16,166] {base.py:255} INFO - POST http://localhost:9200/connections/external [status:201 request:0.034s]
[2021-09-02 22:44:16,190] {base.py:255} INFO - POST http://localhost:9200/connections/external [status:201 request:0.024s]
[2021-09-02 22:44:16,203] {base.py:255} INFO - POST http://localhost:9200/connections/external [status:201 request:0.012s]
[2021-09-02 22:44:16,229] {base.py:255} INFO - POST http://localhost:9200/connections/external [status:201 request:0.025s]
[2021-09-02 22:44:16,375] {base.py:255} INFO - POST http://localhost:9200/connections/external [status:201 request:0.145s]
[2021-09-02 22:44:16,398] {taskinstance.py:1184} INFO - Marking task as SUCCESS. dag_id=elasticsearch_dag, task_id=connections_to_es, execution_date=20210902T213544, start_date=20210902T224413, end_date=20210902T224416
[2021-09-02 22:44:16,484] {taskinstance.py:1245} INFO - 0 downstream tasks scheduled from follow-on schedule check
[2021-09-02 22:44:16,501] {local_task_job.py:151} INFO - Task exited with return code 0
