[2021-09-01 03:46:12,214] {taskinstance.py:876} INFO - Dependencies all met for <TaskInstance: xcom_dag.processing_tasks.training_model_c 2021-09-01T03:46:03.358983+00:00 [queued]>
[2021-09-01 03:46:12,312] {taskinstance.py:876} INFO - Dependencies all met for <TaskInstance: xcom_dag.processing_tasks.training_model_c 2021-09-01T03:46:03.358983+00:00 [queued]>
[2021-09-01 03:46:12,313] {taskinstance.py:1067} INFO - 
--------------------------------------------------------------------------------
[2021-09-01 03:46:12,313] {taskinstance.py:1068} INFO - Starting attempt 1 of 1
[2021-09-01 03:46:12,313] {taskinstance.py:1069} INFO - 
--------------------------------------------------------------------------------
[2021-09-01 03:46:12,360] {taskinstance.py:1087} INFO - Executing <Task(PythonOperator): processing_tasks.training_model_c> on 2021-09-01T03:46:03.358983+00:00
[2021-09-01 03:46:12,396] {standard_task_runner.py:52} INFO - Started process 121875 to run task
[2021-09-01 03:46:12,416] {standard_task_runner.py:76} INFO - Running: ['airflow', 'tasks', 'run', 'xcom_dag', 'processing_tasks.training_model_c', '2021-09-01T03:46:03.358983+00:00', '--job-id', '61', '--pool', 'default_pool', '--raw', '--subdir', 'DAGS_FOLDER/xcom_dag.py', '--cfg-path', '/tmp/tmpk3lrx0w4', '--error-file', '/tmp/tmpp6uwchwx']
[2021-09-01 03:46:12,423] {standard_task_runner.py:77} INFO - Job 61: Subtask processing_tasks.training_model_c
[2021-09-01 03:46:13,000] {logging_mixin.py:104} INFO - Running <TaskInstance: xcom_dag.processing_tasks.training_model_c 2021-09-01T03:46:03.358983+00:00 [running]> on host airflowvm
[2021-09-01 03:46:13,403] {taskinstance.py:1280} INFO - Exporting the following env vars:
AIRFLOW_CTX_DAG_OWNER=airflow
AIRFLOW_CTX_DAG_ID=xcom_dag
AIRFLOW_CTX_TASK_ID=processing_tasks.training_model_c
AIRFLOW_CTX_EXECUTION_DATE=2021-09-01T03:46:03.358983+00:00
AIRFLOW_CTX_DAG_RUN_ID=manual__2021-09-01T03:46:03.358983+00:00
[2021-09-01 03:46:13,404] {logging_mixin.py:104} INFO - model's accuracy: 2.9548928656313125
[2021-09-01 03:46:13,667] {python.py:151} INFO - Done. Returned value was: None
[2021-09-01 03:46:13,713] {taskinstance.py:1184} INFO - Marking task as SUCCESS. dag_id=xcom_dag, task_id=processing_tasks.training_model_c, execution_date=20210901T034603, start_date=20210901T034612, end_date=20210901T034613
[2021-09-01 03:46:13,915] {taskinstance.py:1245} INFO - 0 downstream tasks scheduled from follow-on schedule check
[2021-09-01 03:46:13,959] {local_task_job.py:151} INFO - Task exited with return code 0
