[2021-09-01 03:42:22,289] {taskinstance.py:876} INFO - Dependencies all met for <TaskInstance: xcom_dag.processing_tasks.training_model_a 2021-09-01T03:42:14.342626+00:00 [queued]>
[2021-09-01 03:42:22,390] {taskinstance.py:876} INFO - Dependencies all met for <TaskInstance: xcom_dag.processing_tasks.training_model_a 2021-09-01T03:42:14.342626+00:00 [queued]>
[2021-09-01 03:42:22,390] {taskinstance.py:1067} INFO - 
--------------------------------------------------------------------------------
[2021-09-01 03:42:22,390] {taskinstance.py:1068} INFO - Starting attempt 1 of 1
[2021-09-01 03:42:22,390] {taskinstance.py:1069} INFO - 
--------------------------------------------------------------------------------
[2021-09-01 03:42:22,430] {taskinstance.py:1087} INFO - Executing <Task(PythonOperator): processing_tasks.training_model_a> on 2021-09-01T03:42:14.342626+00:00
[2021-09-01 03:42:22,463] {standard_task_runner.py:52} INFO - Started process 118808 to run task
[2021-09-01 03:42:22,492] {standard_task_runner.py:76} INFO - Running: ['airflow', 'tasks', 'run', 'xcom_dag', 'processing_tasks.training_model_a', '2021-09-01T03:42:14.342626+00:00', '--job-id', '46', '--pool', 'default_pool', '--raw', '--subdir', 'DAGS_FOLDER/xcom_dag.py', '--cfg-path', '/tmp/tmpyls0iu1m', '--error-file', '/tmp/tmp5xrwp8jc']
[2021-09-01 03:42:22,493] {standard_task_runner.py:77} INFO - Job 46: Subtask processing_tasks.training_model_a
[2021-09-01 03:42:22,971] {logging_mixin.py:104} INFO - Running <TaskInstance: xcom_dag.processing_tasks.training_model_a 2021-09-01T03:42:14.342626+00:00 [running]> on host airflowvm
[2021-09-01 03:42:23,445] {taskinstance.py:1280} INFO - Exporting the following env vars:
AIRFLOW_CTX_DAG_OWNER=airflow
AIRFLOW_CTX_DAG_ID=xcom_dag
AIRFLOW_CTX_TASK_ID=processing_tasks.training_model_a
AIRFLOW_CTX_EXECUTION_DATE=2021-09-01T03:42:14.342626+00:00
AIRFLOW_CTX_DAG_RUN_ID=manual__2021-09-01T03:42:14.342626+00:00
[2021-09-01 03:42:23,451] {logging_mixin.py:104} INFO - model's accuracy: 8.201738076488466
[2021-09-01 03:42:23,563] {python.py:151} INFO - Done. Returned value was: None
[2021-09-01 03:42:23,632] {taskinstance.py:1184} INFO - Marking task as SUCCESS. dag_id=xcom_dag, task_id=processing_tasks.training_model_a, execution_date=20210901T034214, start_date=20210901T034222, end_date=20210901T034223
[2021-09-01 03:42:23,856] {taskinstance.py:1245} INFO - 0 downstream tasks scheduled from follow-on schedule check
[2021-09-01 03:42:23,903] {local_task_job.py:151} INFO - Task exited with return code 0
