[2021-09-01 03:42:22,295] {taskinstance.py:876} INFO - Dependencies all met for <TaskInstance: xcom_dag.processing_tasks.training_model_c 2021-09-01T03:42:14.342626+00:00 [queued]>
[2021-09-01 03:42:22,387] {taskinstance.py:876} INFO - Dependencies all met for <TaskInstance: xcom_dag.processing_tasks.training_model_c 2021-09-01T03:42:14.342626+00:00 [queued]>
[2021-09-01 03:42:22,387] {taskinstance.py:1067} INFO - 
--------------------------------------------------------------------------------
[2021-09-01 03:42:22,392] {taskinstance.py:1068} INFO - Starting attempt 1 of 1
[2021-09-01 03:42:22,392] {taskinstance.py:1069} INFO - 
--------------------------------------------------------------------------------
[2021-09-01 03:42:22,456] {taskinstance.py:1087} INFO - Executing <Task(PythonOperator): processing_tasks.training_model_c> on 2021-09-01T03:42:14.342626+00:00
[2021-09-01 03:42:22,490] {standard_task_runner.py:52} INFO - Started process 118809 to run task
[2021-09-01 03:42:22,505] {standard_task_runner.py:76} INFO - Running: ['airflow', 'tasks', 'run', 'xcom_dag', 'processing_tasks.training_model_c', '2021-09-01T03:42:14.342626+00:00', '--job-id', '48', '--pool', 'default_pool', '--raw', '--subdir', 'DAGS_FOLDER/xcom_dag.py', '--cfg-path', '/tmp/tmplxu9zk2j', '--error-file', '/tmp/tmpplskczby']
[2021-09-01 03:42:22,512] {standard_task_runner.py:77} INFO - Job 48: Subtask processing_tasks.training_model_c
[2021-09-01 03:42:22,898] {logging_mixin.py:104} INFO - Running <TaskInstance: xcom_dag.processing_tasks.training_model_c 2021-09-01T03:42:14.342626+00:00 [running]> on host airflowvm
[2021-09-01 03:42:23,423] {taskinstance.py:1280} INFO - Exporting the following env vars:
AIRFLOW_CTX_DAG_OWNER=airflow
AIRFLOW_CTX_DAG_ID=xcom_dag
AIRFLOW_CTX_TASK_ID=processing_tasks.training_model_c
AIRFLOW_CTX_EXECUTION_DATE=2021-09-01T03:42:14.342626+00:00
AIRFLOW_CTX_DAG_RUN_ID=manual__2021-09-01T03:42:14.342626+00:00
[2021-09-01 03:42:23,429] {logging_mixin.py:104} INFO - model's accuracy: 6.502802256069638
[2021-09-01 03:42:23,538] {python.py:151} INFO - Done. Returned value was: None
[2021-09-01 03:42:23,609] {taskinstance.py:1184} INFO - Marking task as SUCCESS. dag_id=xcom_dag, task_id=processing_tasks.training_model_c, execution_date=20210901T034214, start_date=20210901T034222, end_date=20210901T034223
[2021-09-01 03:42:23,849] {taskinstance.py:1245} INFO - 1 downstream tasks scheduled from follow-on schedule check
[2021-09-01 03:42:23,899] {local_task_job.py:151} INFO - Task exited with return code 0
