[2021-08-31 18:41:58,348] {taskinstance.py:876} INFO - Dependencies all met for <TaskInstance: user_processing.storing_user 2021-08-30T00:00:00+00:00 [queued]>
[2021-08-31 18:41:58,364] {taskinstance.py:876} INFO - Dependencies all met for <TaskInstance: user_processing.storing_user 2021-08-30T00:00:00+00:00 [queued]>
[2021-08-31 18:41:58,367] {taskinstance.py:1067} INFO - 
--------------------------------------------------------------------------------
[2021-08-31 18:41:58,368] {taskinstance.py:1068} INFO - Starting attempt 1 of 1
[2021-08-31 18:41:58,369] {taskinstance.py:1069} INFO - 
--------------------------------------------------------------------------------
[2021-08-31 18:41:58,399] {taskinstance.py:1087} INFO - Executing <Task(BashOperator): storing_user> on 2021-08-30T00:00:00+00:00
[2021-08-31 18:41:58,401] {standard_task_runner.py:52} INFO - Started process 44541 to run task
[2021-08-31 18:41:58,418] {standard_task_runner.py:76} INFO - Running: ['airflow', 'tasks', 'run', 'user_processing', 'storing_user', '2021-08-30T00:00:00+00:00', '--job-id', '37', '--pool', 'default_pool', '--raw', '--subdir', 'DAGS_FOLDER/user_processing.py', '--cfg-path', '/tmp/tmpaqtplie7', '--error-file', '/tmp/tmpk83_d84_']
[2021-08-31 18:41:58,423] {standard_task_runner.py:77} INFO - Job 37: Subtask storing_user
[2021-08-31 18:41:58,694] {logging_mixin.py:104} INFO - Running <TaskInstance: user_processing.storing_user 2021-08-30T00:00:00+00:00 [running]> on host airflowvm
[2021-08-31 18:41:59,047] {taskinstance.py:1280} INFO - Exporting the following env vars:
AIRFLOW_CTX_DAG_OWNER=airflow
AIRFLOW_CTX_DAG_ID=user_processing
AIRFLOW_CTX_TASK_ID=storing_user
AIRFLOW_CTX_EXECUTION_DATE=2021-08-30T00:00:00+00:00
AIRFLOW_CTX_DAG_RUN_ID=scheduled__2021-08-30T00:00:00+00:00
[2021-08-31 18:41:59,048] {subprocess.py:52} INFO - Tmp dir root location: 
 /tmp
[2021-08-31 18:41:59,048] {subprocess.py:63} INFO - Running command: ['bash', '-c', 'echo -e ".separator ","\n.import /tmp/processed_user.csv users" | sqlite3 /home/airflow/airflow/airflow.db']
[2021-08-31 18:41:59,062] {subprocess.py:75} INFO - Output:
[2021-08-31 18:41:59,103] {subprocess.py:83} INFO - Command exited with return code 0
[2021-08-31 18:41:59,150] {taskinstance.py:1184} INFO - Marking task as SUCCESS. dag_id=user_processing, task_id=storing_user, execution_date=20210830T000000, start_date=20210831T184158, end_date=20210831T184159
[2021-08-31 18:41:59,204] {taskinstance.py:1245} INFO - 0 downstream tasks scheduled from follow-on schedule check
[2021-08-31 18:41:59,214] {local_task_job.py:151} INFO - Task exited with return code 0
