[2021-09-01 03:46:16,942] {taskinstance.py:876} INFO - Dependencies all met for <TaskInstance: xcom_dag.choose_best_model 2021-09-01T03:46:03.358983+00:00 [queued]>
[2021-09-01 03:46:17,009] {taskinstance.py:876} INFO - Dependencies all met for <TaskInstance: xcom_dag.choose_best_model 2021-09-01T03:46:03.358983+00:00 [queued]>
[2021-09-01 03:46:17,009] {taskinstance.py:1067} INFO - 
--------------------------------------------------------------------------------
[2021-09-01 03:46:17,009] {taskinstance.py:1068} INFO - Starting attempt 1 of 1
[2021-09-01 03:46:17,012] {taskinstance.py:1069} INFO - 
--------------------------------------------------------------------------------
[2021-09-01 03:46:17,053] {taskinstance.py:1087} INFO - Executing <Task(BranchPythonOperator): choose_best_model> on 2021-09-01T03:46:03.358983+00:00
[2021-09-01 03:46:17,056] {standard_task_runner.py:52} INFO - Started process 122063 to run task
[2021-09-01 03:46:17,077] {standard_task_runner.py:76} INFO - Running: ['airflow', 'tasks', 'run', 'xcom_dag', 'choose_best_model', '2021-09-01T03:46:03.358983+00:00', '--job-id', '64', '--pool', 'default_pool', '--raw', '--subdir', 'DAGS_FOLDER/xcom_dag.py', '--cfg-path', '/tmp/tmpmzgcy_4r', '--error-file', '/tmp/tmpwm6amo_s']
[2021-09-01 03:46:17,119] {standard_task_runner.py:77} INFO - Job 64: Subtask choose_best_model
[2021-09-01 03:46:17,548] {logging_mixin.py:104} INFO - Running <TaskInstance: xcom_dag.choose_best_model 2021-09-01T03:46:03.358983+00:00 [running]> on host airflowvm
[2021-09-01 03:46:18,001] {taskinstance.py:1280} INFO - Exporting the following env vars:
AIRFLOW_CTX_DAG_OWNER=airflow
AIRFLOW_CTX_DAG_ID=xcom_dag
AIRFLOW_CTX_TASK_ID=choose_best_model
AIRFLOW_CTX_EXECUTION_DATE=2021-09-01T03:46:03.358983+00:00
AIRFLOW_CTX_DAG_RUN_ID=manual__2021-09-01T03:46:03.358983+00:00
[2021-09-01 03:46:18,004] {logging_mixin.py:104} INFO - choose best model
[2021-09-01 03:46:18,046] {python.py:151} INFO - Done. Returned value was: ['accurate', 'inaccurate']
[2021-09-01 03:46:18,046] {skipmixin.py:124} INFO - Following branch ['accurate', 'inaccurate']
[2021-09-01 03:46:18,089] {skipmixin.py:155} INFO - Skipping tasks []
[2021-09-01 03:46:18,308] {taskinstance.py:1184} INFO - Marking task as SUCCESS. dag_id=xcom_dag, task_id=choose_best_model, execution_date=20210901T034603, start_date=20210901T034616, end_date=20210901T034618
[2021-09-01 03:46:18,458] {taskinstance.py:1245} INFO - 2 downstream tasks scheduled from follow-on schedule check
[2021-09-01 03:46:18,539] {local_task_job.py:151} INFO - Task exited with return code 0
