[2021-08-31 23:18:49,935] {taskinstance.py:876} INFO - Dependencies all met for <TaskInstance: parallel_dag.task_1 2021-08-30T00:00:00+00:00 [queued]>
[2021-08-31 23:18:49,952] {taskinstance.py:876} INFO - Dependencies all met for <TaskInstance: parallel_dag.task_1 2021-08-30T00:00:00+00:00 [queued]>
[2021-08-31 23:18:49,957] {taskinstance.py:1067} INFO - 
--------------------------------------------------------------------------------
[2021-08-31 23:18:49,957] {taskinstance.py:1068} INFO - Starting attempt 1 of 1
[2021-08-31 23:18:49,957] {taskinstance.py:1069} INFO - 
--------------------------------------------------------------------------------
[2021-08-31 23:18:49,983] {taskinstance.py:1087} INFO - Executing <Task(BashOperator): task_1> on 2021-08-30T00:00:00+00:00
[2021-08-31 23:18:49,986] {standard_task_runner.py:52} INFO - Started process 67370 to run task
[2021-08-31 23:18:50,005] {standard_task_runner.py:76} INFO - Running: ['airflow', 'tasks', 'run', 'parallel_dag', 'task_1', '2021-08-30T00:00:00+00:00', '--job-id', '38', '--pool', 'default_pool', '--raw', '--subdir', 'DAGS_FOLDER/parallel_dag.py', '--cfg-path', '/tmp/tmps2m30fns', '--error-file', '/tmp/tmpl5qzufrj']
[2021-08-31 23:18:50,006] {standard_task_runner.py:77} INFO - Job 38: Subtask task_1
[2021-08-31 23:18:50,212] {logging_mixin.py:104} INFO - Running <TaskInstance: parallel_dag.task_1 2021-08-30T00:00:00+00:00 [running]> on host airflowvm
[2021-08-31 23:18:50,439] {taskinstance.py:1280} INFO - Exporting the following env vars:
AIRFLOW_CTX_DAG_OWNER=airflow
AIRFLOW_CTX_DAG_ID=parallel_dag
AIRFLOW_CTX_TASK_ID=task_1
AIRFLOW_CTX_EXECUTION_DATE=2021-08-30T00:00:00+00:00
AIRFLOW_CTX_DAG_RUN_ID=scheduled__2021-08-30T00:00:00+00:00
[2021-08-31 23:18:50,439] {subprocess.py:52} INFO - Tmp dir root location: 
 /tmp
[2021-08-31 23:18:50,440] {subprocess.py:63} INFO - Running command: ['bash', '-c', 'sleep 3']
[2021-08-31 23:18:50,455] {subprocess.py:75} INFO - Output:
[2021-08-31 23:18:53,467] {subprocess.py:83} INFO - Command exited with return code 0
[2021-08-31 23:18:53,520] {taskinstance.py:1184} INFO - Marking task as SUCCESS. dag_id=parallel_dag, task_id=task_1, execution_date=20210830T000000, start_date=20210831T231849, end_date=20210831T231853
[2021-08-31 23:18:53,572] {taskinstance.py:1245} INFO - 2 downstream tasks scheduled from follow-on schedule check
[2021-08-31 23:18:53,642] {local_task_job.py:151} INFO - Task exited with return code 0
[2021-08-31 23:44:04,075] {taskinstance.py:876} INFO - Dependencies all met for <TaskInstance: parallel_dag.task_1 2021-08-30T00:00:00+00:00 [queued]>
[2021-08-31 23:44:04,087] {taskinstance.py:876} INFO - Dependencies all met for <TaskInstance: parallel_dag.task_1 2021-08-30T00:00:00+00:00 [queued]>
[2021-08-31 23:44:04,089] {taskinstance.py:1067} INFO - 
--------------------------------------------------------------------------------
[2021-08-31 23:44:04,089] {taskinstance.py:1068} INFO - Starting attempt 1 of 1
[2021-08-31 23:44:04,090] {taskinstance.py:1069} INFO - 
--------------------------------------------------------------------------------
[2021-08-31 23:44:04,133] {taskinstance.py:1087} INFO - Executing <Task(BashOperator): task_1> on 2021-08-30T00:00:00+00:00
[2021-08-31 23:44:04,136] {standard_task_runner.py:52} INFO - Started process 76053 to run task
[2021-08-31 23:44:04,145] {standard_task_runner.py:76} INFO - Running: ['airflow', 'tasks', 'run', 'parallel_dag', 'task_1', '2021-08-30T00:00:00+00:00', '--job-id', '2', '--pool', 'default_pool', '--raw', '--subdir', 'DAGS_FOLDER/parallel_dag.py', '--cfg-path', '/tmp/tmp2oqegwf2', '--error-file', '/tmp/tmped6ko8lf']
[2021-08-31 23:44:04,146] {standard_task_runner.py:77} INFO - Job 2: Subtask task_1
[2021-08-31 23:44:04,439] {logging_mixin.py:104} INFO - Running <TaskInstance: parallel_dag.task_1 2021-08-30T00:00:00+00:00 [running]> on host airflowvm
[2021-08-31 23:44:04,708] {taskinstance.py:1280} INFO - Exporting the following env vars:
AIRFLOW_CTX_DAG_OWNER=airflow
AIRFLOW_CTX_DAG_ID=parallel_dag
AIRFLOW_CTX_TASK_ID=task_1
AIRFLOW_CTX_EXECUTION_DATE=2021-08-30T00:00:00+00:00
AIRFLOW_CTX_DAG_RUN_ID=scheduled__2021-08-30T00:00:00+00:00
[2021-08-31 23:44:04,709] {subprocess.py:52} INFO - Tmp dir root location: 
 /tmp
[2021-08-31 23:44:04,726] {subprocess.py:63} INFO - Running command: ['bash', '-c', 'sleep 3']
[2021-08-31 23:44:04,731] {subprocess.py:75} INFO - Output:
[2021-08-31 23:44:07,734] {subprocess.py:83} INFO - Command exited with return code 0
[2021-08-31 23:44:07,801] {taskinstance.py:1184} INFO - Marking task as SUCCESS. dag_id=parallel_dag, task_id=task_1, execution_date=20210830T000000, start_date=20210831T234404, end_date=20210831T234407
[2021-08-31 23:44:07,901] {taskinstance.py:1245} INFO - 2 downstream tasks scheduled from follow-on schedule check
[2021-08-31 23:44:07,924] {local_task_job.py:151} INFO - Task exited with return code 0
