[2021-09-01 03:47:47,210] {taskinstance.py:876} INFO - Dependencies all met for <TaskInstance: xcom_dag.processing_tasks.training_model_a 2021-09-01T03:47:38.210849+00:00 [queued]>
[2021-09-01 03:47:47,375] {taskinstance.py:876} INFO - Dependencies all met for <TaskInstance: xcom_dag.processing_tasks.training_model_a 2021-09-01T03:47:38.210849+00:00 [queued]>
[2021-09-01 03:47:47,391] {taskinstance.py:1067} INFO - 
--------------------------------------------------------------------------------
[2021-09-01 03:47:47,391] {taskinstance.py:1068} INFO - Starting attempt 1 of 1
[2021-09-01 03:47:47,391] {taskinstance.py:1069} INFO - 
--------------------------------------------------------------------------------
[2021-09-01 03:47:47,459] {taskinstance.py:1087} INFO - Executing <Task(PythonOperator): processing_tasks.training_model_a> on 2021-09-01T03:47:38.210849+00:00
[2021-09-01 03:47:47,488] {standard_task_runner.py:52} INFO - Started process 123002 to run task
[2021-09-01 03:47:47,576] {standard_task_runner.py:76} INFO - Running: ['airflow', 'tasks', 'run', 'xcom_dag', 'processing_tasks.training_model_a', '2021-09-01T03:47:38.210849+00:00', '--job-id', '66', '--pool', 'default_pool', '--raw', '--subdir', 'DAGS_FOLDER/xcom_dag.py', '--cfg-path', '/tmp/tmpc755xzfr', '--error-file', '/tmp/tmphp01pnx5']
[2021-09-01 03:47:47,591] {standard_task_runner.py:77} INFO - Job 66: Subtask processing_tasks.training_model_a
[2021-09-01 03:47:48,189] {logging_mixin.py:104} INFO - Running <TaskInstance: xcom_dag.processing_tasks.training_model_a 2021-09-01T03:47:38.210849+00:00 [running]> on host airflowvm
[2021-09-01 03:47:48,646] {taskinstance.py:1280} INFO - Exporting the following env vars:
AIRFLOW_CTX_DAG_OWNER=airflow
AIRFLOW_CTX_DAG_ID=xcom_dag
AIRFLOW_CTX_TASK_ID=processing_tasks.training_model_a
AIRFLOW_CTX_EXECUTION_DATE=2021-09-01T03:47:38.210849+00:00
AIRFLOW_CTX_DAG_RUN_ID=manual__2021-09-01T03:47:38.210849+00:00
[2021-09-01 03:47:48,648] {logging_mixin.py:104} INFO - model's accuracy: 7.746928023170777
[2021-09-01 03:47:48,820] {python.py:151} INFO - Done. Returned value was: None
[2021-09-01 03:47:48,867] {taskinstance.py:1184} INFO - Marking task as SUCCESS. dag_id=xcom_dag, task_id=processing_tasks.training_model_a, execution_date=20210901T034738, start_date=20210901T034747, end_date=20210901T034748
[2021-09-01 03:47:49,339] {taskinstance.py:1245} INFO - 0 downstream tasks scheduled from follow-on schedule check
[2021-09-01 03:47:49,788] {local_task_job.py:151} INFO - Task exited with return code 0
