[2021-09-01 03:42:55,696] {taskinstance.py:876} INFO - Dependencies all met for <TaskInstance: xcom_dag.processing_tasks.training_model_a 2021-09-01T03:42:48.051071+00:00 [queued]>
[2021-09-01 03:42:55,798] {taskinstance.py:876} INFO - Dependencies all met for <TaskInstance: xcom_dag.processing_tasks.training_model_a 2021-09-01T03:42:48.051071+00:00 [queued]>
[2021-09-01 03:42:55,800] {taskinstance.py:1067} INFO - 
--------------------------------------------------------------------------------
[2021-09-01 03:42:55,801] {taskinstance.py:1068} INFO - Starting attempt 1 of 1
[2021-09-01 03:42:55,801] {taskinstance.py:1069} INFO - 
--------------------------------------------------------------------------------
[2021-09-01 03:42:55,860] {taskinstance.py:1087} INFO - Executing <Task(PythonOperator): processing_tasks.training_model_a> on 2021-09-01T03:42:48.051071+00:00
[2021-09-01 03:42:55,884] {standard_task_runner.py:52} INFO - Started process 119532 to run task
[2021-09-01 03:42:55,911] {standard_task_runner.py:76} INFO - Running: ['airflow', 'tasks', 'run', 'xcom_dag', 'processing_tasks.training_model_a', '2021-09-01T03:42:48.051071+00:00', '--job-id', '52', '--pool', 'default_pool', '--raw', '--subdir', 'DAGS_FOLDER/xcom_dag.py', '--cfg-path', '/tmp/tmpgk7v3ued', '--error-file', '/tmp/tmpgvy8lprw']
[2021-09-01 03:42:55,920] {standard_task_runner.py:77} INFO - Job 52: Subtask processing_tasks.training_model_a
[2021-09-01 03:42:56,262] {logging_mixin.py:104} INFO - Running <TaskInstance: xcom_dag.processing_tasks.training_model_a 2021-09-01T03:42:48.051071+00:00 [running]> on host airflowvm
[2021-09-01 03:42:56,784] {taskinstance.py:1280} INFO - Exporting the following env vars:
AIRFLOW_CTX_DAG_OWNER=airflow
AIRFLOW_CTX_DAG_ID=xcom_dag
AIRFLOW_CTX_TASK_ID=processing_tasks.training_model_a
AIRFLOW_CTX_EXECUTION_DATE=2021-09-01T03:42:48.051071+00:00
AIRFLOW_CTX_DAG_RUN_ID=manual__2021-09-01T03:42:48.051071+00:00
[2021-09-01 03:42:56,789] {logging_mixin.py:104} INFO - model's accuracy: 5.465242273234195
[2021-09-01 03:42:56,929] {python.py:151} INFO - Done. Returned value was: None
[2021-09-01 03:42:57,001] {taskinstance.py:1184} INFO - Marking task as SUCCESS. dag_id=xcom_dag, task_id=processing_tasks.training_model_a, execution_date=20210901T034248, start_date=20210901T034255, end_date=20210901T034257
[2021-09-01 03:42:57,282] {taskinstance.py:1245} INFO - 0 downstream tasks scheduled from follow-on schedule check
[2021-09-01 03:42:57,356] {local_task_job.py:151} INFO - Task exited with return code 0
