[2021-09-01 02:51:30,276] {taskinstance.py:876} INFO - Dependencies all met for <TaskInstance: parallel_dag.task_4 2021-09-01T02:51:16.411161+00:00 [queued]>
[2021-09-01 02:51:30,310] {taskinstance.py:876} INFO - Dependencies all met for <TaskInstance: parallel_dag.task_4 2021-09-01T02:51:16.411161+00:00 [queued]>
[2021-09-01 02:51:30,311] {taskinstance.py:1067} INFO - 
--------------------------------------------------------------------------------
[2021-09-01 02:51:30,317] {taskinstance.py:1068} INFO - Starting attempt 1 of 1
[2021-09-01 02:51:30,319] {taskinstance.py:1069} INFO - 
--------------------------------------------------------------------------------
[2021-09-01 02:51:30,351] {taskinstance.py:1087} INFO - Executing <Task(BashOperator): task_4> on 2021-09-01T02:51:16.411161+00:00
[2021-09-01 02:51:30,356] {standard_task_runner.py:52} INFO - Started process 110444 to run task
[2021-09-01 02:51:30,383] {standard_task_runner.py:76} INFO - Running: ['airflow', 'tasks', 'run', 'parallel_dag', 'task_4', '2021-09-01T02:51:16.411161+00:00', '--job-id', '19', '--pool', 'default_pool', '--raw', '--subdir', 'DAGS_FOLDER/parallel_dag.py', '--cfg-path', '/tmp/tmp9f055y47', '--error-file', '/tmp/tmpdnlrp8kh']
[2021-09-01 02:51:30,384] {standard_task_runner.py:77} INFO - Job 19: Subtask task_4
[2021-09-01 02:51:30,670] {logging_mixin.py:104} INFO - Running <TaskInstance: parallel_dag.task_4 2021-09-01T02:51:16.411161+00:00 [running]> on host airflowvm
[2021-09-01 02:51:30,957] {taskinstance.py:1280} INFO - Exporting the following env vars:
AIRFLOW_CTX_DAG_OWNER=airflow
AIRFLOW_CTX_DAG_ID=parallel_dag
AIRFLOW_CTX_TASK_ID=task_4
AIRFLOW_CTX_EXECUTION_DATE=2021-09-01T02:51:16.411161+00:00
AIRFLOW_CTX_DAG_RUN_ID=manual__2021-09-01T02:51:16.411161+00:00
[2021-09-01 02:51:30,960] {subprocess.py:52} INFO - Tmp dir root location: 
 /tmp
[2021-09-01 02:51:30,964] {subprocess.py:63} INFO - Running command: ['bash', '-c', 'sleep 3']
[2021-09-01 02:51:30,980] {subprocess.py:75} INFO - Output:
[2021-09-01 02:51:33,994] {subprocess.py:83} INFO - Command exited with return code 0
[2021-09-01 02:51:34,052] {taskinstance.py:1184} INFO - Marking task as SUCCESS. dag_id=parallel_dag, task_id=task_4, execution_date=20210901T025116, start_date=20210901T025130, end_date=20210901T025134
[2021-09-01 02:51:34,097] {taskinstance.py:1245} INFO - 0 downstream tasks scheduled from follow-on schedule check
[2021-09-01 02:51:34,110] {local_task_job.py:151} INFO - Task exited with return code 0
