[2021-09-01 00:00:14,801] {taskinstance.py:876} INFO - Dependencies all met for <TaskInstance: parallel_dag.task_4 2021-08-31T00:00:00+00:00 [queued]>
[2021-09-01 00:00:14,836] {taskinstance.py:876} INFO - Dependencies all met for <TaskInstance: parallel_dag.task_4 2021-08-31T00:00:00+00:00 [queued]>
[2021-09-01 00:00:14,838] {taskinstance.py:1067} INFO - 
--------------------------------------------------------------------------------
[2021-09-01 00:00:14,839] {taskinstance.py:1068} INFO - Starting attempt 1 of 1
[2021-09-01 00:00:14,839] {taskinstance.py:1069} INFO - 
--------------------------------------------------------------------------------
[2021-09-01 00:00:14,877] {taskinstance.py:1087} INFO - Executing <Task(BashOperator): task_4> on 2021-08-31T00:00:00+00:00
[2021-09-01 00:00:14,880] {standard_task_runner.py:52} INFO - Started process 84423 to run task
[2021-09-01 00:00:14,890] {standard_task_runner.py:76} INFO - Running: ['airflow', 'tasks', 'run', 'parallel_dag', 'task_4', '2021-08-31T00:00:00+00:00', '--job-id', '9', '--pool', 'default_pool', '--raw', '--subdir', 'DAGS_FOLDER/parallel_dag.py', '--cfg-path', '/tmp/tmpwc6ocn5y', '--error-file', '/tmp/tmp4d4r3oos']
[2021-09-01 00:00:14,908] {standard_task_runner.py:77} INFO - Job 9: Subtask task_4
[2021-09-01 00:00:15,288] {logging_mixin.py:104} INFO - Running <TaskInstance: parallel_dag.task_4 2021-08-31T00:00:00+00:00 [running]> on host airflowvm
[2021-09-01 00:00:15,631] {taskinstance.py:1280} INFO - Exporting the following env vars:
AIRFLOW_CTX_DAG_OWNER=airflow
AIRFLOW_CTX_DAG_ID=parallel_dag
AIRFLOW_CTX_TASK_ID=task_4
AIRFLOW_CTX_EXECUTION_DATE=2021-08-31T00:00:00+00:00
AIRFLOW_CTX_DAG_RUN_ID=scheduled__2021-08-31T00:00:00+00:00
[2021-09-01 00:00:15,635] {subprocess.py:52} INFO - Tmp dir root location: 
 /tmp
[2021-09-01 00:00:15,635] {subprocess.py:63} INFO - Running command: ['bash', '-c', 'sleep 3']
[2021-09-01 00:00:15,659] {subprocess.py:75} INFO - Output:
[2021-09-01 00:00:18,661] {subprocess.py:83} INFO - Command exited with return code 0
[2021-09-01 00:00:18,724] {taskinstance.py:1184} INFO - Marking task as SUCCESS. dag_id=parallel_dag, task_id=task_4, execution_date=20210831T000000, start_date=20210901T000014, end_date=20210901T000018
[2021-09-01 00:00:18,816] {taskinstance.py:1245} INFO - 0 downstream tasks scheduled from follow-on schedule check
[2021-09-01 00:00:18,852] {local_task_job.py:151} INFO - Task exited with return code 0
