[2021-09-01 03:44:13,261] {taskinstance.py:876} INFO - Dependencies all met for <TaskInstance: xcom_dag.choose_best_model 2021-09-01T03:44:00.413027+00:00 [queued]>
[2021-09-01 03:44:13,449] {taskinstance.py:876} INFO - Dependencies all met for <TaskInstance: xcom_dag.choose_best_model 2021-09-01T03:44:00.413027+00:00 [queued]>
[2021-09-01 03:44:13,450] {taskinstance.py:1067} INFO - 
--------------------------------------------------------------------------------
[2021-09-01 03:44:13,451] {taskinstance.py:1068} INFO - Starting attempt 1 of 1
[2021-09-01 03:44:13,452] {taskinstance.py:1069} INFO - 
--------------------------------------------------------------------------------
[2021-09-01 03:44:13,517] {taskinstance.py:1087} INFO - Executing <Task(BranchPythonOperator): choose_best_model> on 2021-09-01T03:44:00.413027+00:00
[2021-09-01 03:44:13,520] {standard_task_runner.py:52} INFO - Started process 120709 to run task
[2021-09-01 03:44:13,546] {standard_task_runner.py:76} INFO - Running: ['airflow', 'tasks', 'run', 'xcom_dag', 'choose_best_model', '2021-09-01T03:44:00.413027+00:00', '--job-id', '59', '--pool', 'default_pool', '--raw', '--subdir', 'DAGS_FOLDER/xcom_dag.py', '--cfg-path', '/tmp/tmpitfn233g', '--error-file', '/tmp/tmpovti2jci']
[2021-09-01 03:44:13,547] {standard_task_runner.py:77} INFO - Job 59: Subtask choose_best_model
[2021-09-01 03:44:13,941] {logging_mixin.py:104} INFO - Running <TaskInstance: xcom_dag.choose_best_model 2021-09-01T03:44:00.413027+00:00 [running]> on host airflowvm
[2021-09-01 03:44:14,656] {taskinstance.py:1280} INFO - Exporting the following env vars:
AIRFLOW_CTX_DAG_OWNER=airflow
AIRFLOW_CTX_DAG_ID=xcom_dag
AIRFLOW_CTX_TASK_ID=choose_best_model
AIRFLOW_CTX_EXECUTION_DATE=2021-09-01T03:44:00.413027+00:00
AIRFLOW_CTX_DAG_RUN_ID=manual__2021-09-01T03:44:00.413027+00:00
[2021-09-01 03:44:14,661] {logging_mixin.py:104} INFO - choose best model
[2021-09-01 03:44:14,764] {python.py:151} INFO - Done. Returned value was: ['accurate', 'inaccurate']
[2021-09-01 03:44:14,767] {skipmixin.py:124} INFO - Following branch ['accurate', 'inaccurate']
[2021-09-01 03:44:14,801] {skipmixin.py:155} INFO - Skipping tasks []
[2021-09-01 03:44:15,174] {taskinstance.py:1184} INFO - Marking task as SUCCESS. dag_id=xcom_dag, task_id=choose_best_model, execution_date=20210901T034400, start_date=20210901T034413, end_date=20210901T034415
[2021-09-01 03:44:15,408] {taskinstance.py:1245} INFO - 2 downstream tasks scheduled from follow-on schedule check
[2021-09-01 03:44:15,441] {local_task_job.py:151} INFO - Task exited with return code 0
