[2021-09-01 02:51:24,477] {taskinstance.py:876} INFO - Dependencies all met for <TaskInstance: parallel_dag.processing_tasks.task_2 2021-09-01T02:51:16.411161+00:00 [queued]>
[2021-09-01 02:51:24,597] {taskinstance.py:876} INFO - Dependencies all met for <TaskInstance: parallel_dag.processing_tasks.task_2 2021-09-01T02:51:16.411161+00:00 [queued]>
[2021-09-01 02:51:24,613] {taskinstance.py:1067} INFO - 
--------------------------------------------------------------------------------
[2021-09-01 02:51:24,614] {taskinstance.py:1068} INFO - Starting attempt 1 of 1
[2021-09-01 02:51:24,619] {taskinstance.py:1069} INFO - 
--------------------------------------------------------------------------------
[2021-09-01 02:51:24,691] {taskinstance.py:1087} INFO - Executing <Task(BashOperator): processing_tasks.task_2> on 2021-09-01T02:51:16.411161+00:00
[2021-09-01 02:51:24,701] {standard_task_runner.py:52} INFO - Started process 110224 to run task
[2021-09-01 02:51:24,752] {standard_task_runner.py:76} INFO - Running: ['airflow', 'tasks', 'run', 'parallel_dag', 'processing_tasks.task_2', '2021-09-01T02:51:16.411161+00:00', '--job-id', '18', '--pool', 'default_pool', '--raw', '--subdir', 'DAGS_FOLDER/parallel_dag.py', '--cfg-path', '/tmp/tmpss1exie6', '--error-file', '/tmp/tmp85gvm4yi']
[2021-09-01 02:51:24,770] {standard_task_runner.py:77} INFO - Job 18: Subtask processing_tasks.task_2
[2021-09-01 02:51:25,157] {logging_mixin.py:104} INFO - Running <TaskInstance: parallel_dag.processing_tasks.task_2 2021-09-01T02:51:16.411161+00:00 [running]> on host airflowvm
[2021-09-01 02:51:25,560] {taskinstance.py:1280} INFO - Exporting the following env vars:
AIRFLOW_CTX_DAG_OWNER=airflow
AIRFLOW_CTX_DAG_ID=parallel_dag
AIRFLOW_CTX_TASK_ID=processing_tasks.task_2
AIRFLOW_CTX_EXECUTION_DATE=2021-09-01T02:51:16.411161+00:00
AIRFLOW_CTX_DAG_RUN_ID=manual__2021-09-01T02:51:16.411161+00:00
[2021-09-01 02:51:25,576] {subprocess.py:52} INFO - Tmp dir root location: 
 /tmp
[2021-09-01 02:51:25,581] {subprocess.py:63} INFO - Running command: ['bash', '-c', 'sleep 3']
[2021-09-01 02:51:25,627] {subprocess.py:75} INFO - Output:
[2021-09-01 02:51:28,638] {subprocess.py:83} INFO - Command exited with return code 0
[2021-09-01 02:51:28,727] {taskinstance.py:1184} INFO - Marking task as SUCCESS. dag_id=parallel_dag, task_id=processing_tasks.task_2, execution_date=20210901T025116, start_date=20210901T025124, end_date=20210901T025128
[2021-09-01 02:51:28,841] {taskinstance.py:1245} INFO - 1 downstream tasks scheduled from follow-on schedule check
[2021-09-01 02:51:28,899] {local_task_job.py:151} INFO - Task exited with return code 0
