[2021-09-01 03:37:53,901] {taskinstance.py:876} INFO - Dependencies all met for <TaskInstance: xcom_dag.processing_tasks.training_model_a 2021-09-01T03:37:46.011372+00:00 [queued]>
[2021-09-01 03:37:54,068] {taskinstance.py:876} INFO - Dependencies all met for <TaskInstance: xcom_dag.processing_tasks.training_model_a 2021-09-01T03:37:46.011372+00:00 [queued]>
[2021-09-01 03:37:54,074] {taskinstance.py:1067} INFO - 
--------------------------------------------------------------------------------
[2021-09-01 03:37:54,076] {taskinstance.py:1068} INFO - Starting attempt 1 of 1
[2021-09-01 03:37:54,079] {taskinstance.py:1069} INFO - 
--------------------------------------------------------------------------------
[2021-09-01 03:37:54,116] {taskinstance.py:1087} INFO - Executing <Task(PythonOperator): processing_tasks.training_model_a> on 2021-09-01T03:37:46.011372+00:00
[2021-09-01 03:37:54,133] {standard_task_runner.py:52} INFO - Started process 117634 to run task
[2021-09-01 03:37:54,156] {standard_task_runner.py:76} INFO - Running: ['airflow', 'tasks', 'run', 'xcom_dag', 'processing_tasks.training_model_a', '2021-09-01T03:37:46.011372+00:00', '--job-id', '40', '--pool', 'default_pool', '--raw', '--subdir', 'DAGS_FOLDER/xcom_dag.py', '--cfg-path', '/tmp/tmpvbd8gwbu', '--error-file', '/tmp/tmpeil753do']
[2021-09-01 03:37:54,160] {standard_task_runner.py:77} INFO - Job 40: Subtask processing_tasks.training_model_a
[2021-09-01 03:37:54,487] {logging_mixin.py:104} INFO - Running <TaskInstance: xcom_dag.processing_tasks.training_model_a 2021-09-01T03:37:46.011372+00:00 [running]> on host airflowvm
[2021-09-01 03:37:54,823] {taskinstance.py:1280} INFO - Exporting the following env vars:
AIRFLOW_CTX_DAG_OWNER=airflow
AIRFLOW_CTX_DAG_ID=xcom_dag
AIRFLOW_CTX_TASK_ID=processing_tasks.training_model_a
AIRFLOW_CTX_EXECUTION_DATE=2021-09-01T03:37:46.011372+00:00
AIRFLOW_CTX_DAG_RUN_ID=manual__2021-09-01T03:37:46.011372+00:00
[2021-09-01 03:37:54,824] {logging_mixin.py:104} INFO - model's accuracy: 9.600586035894038
[2021-09-01 03:37:54,882] {python.py:151} INFO - Done. Returned value was: None
[2021-09-01 03:37:54,905] {taskinstance.py:1184} INFO - Marking task as SUCCESS. dag_id=xcom_dag, task_id=processing_tasks.training_model_a, execution_date=20210901T033746, start_date=20210901T033753, end_date=20210901T033754
[2021-09-01 03:37:55,192] {taskinstance.py:1245} INFO - 0 downstream tasks scheduled from follow-on schedule check
[2021-09-01 03:37:55,257] {local_task_job.py:151} INFO - Task exited with return code 0
