[2021-09-01 02:51:18,176] {taskinstance.py:876} INFO - Dependencies all met for <TaskInstance: parallel_dag.task_1 2021-09-01T02:51:16.411161+00:00 [queued]>
[2021-09-01 02:51:18,221] {taskinstance.py:876} INFO - Dependencies all met for <TaskInstance: parallel_dag.task_1 2021-09-01T02:51:16.411161+00:00 [queued]>
[2021-09-01 02:51:18,223] {taskinstance.py:1067} INFO - 
--------------------------------------------------------------------------------
[2021-09-01 02:51:18,225] {taskinstance.py:1068} INFO - Starting attempt 1 of 1
[2021-09-01 02:51:18,226] {taskinstance.py:1069} INFO - 
--------------------------------------------------------------------------------
[2021-09-01 02:51:18,262] {taskinstance.py:1087} INFO - Executing <Task(BashOperator): task_1> on 2021-09-01T02:51:16.411161+00:00
[2021-09-01 02:51:18,275] {standard_task_runner.py:52} INFO - Started process 110011 to run task
[2021-09-01 02:51:18,300] {standard_task_runner.py:76} INFO - Running: ['airflow', 'tasks', 'run', 'parallel_dag', 'task_1', '2021-09-01T02:51:16.411161+00:00', '--job-id', '16', '--pool', 'default_pool', '--raw', '--subdir', 'DAGS_FOLDER/parallel_dag.py', '--cfg-path', '/tmp/tmpywq2216b', '--error-file', '/tmp/tmpt4zvb3ro']
[2021-09-01 02:51:18,307] {standard_task_runner.py:77} INFO - Job 16: Subtask task_1
[2021-09-01 02:51:18,592] {logging_mixin.py:104} INFO - Running <TaskInstance: parallel_dag.task_1 2021-09-01T02:51:16.411161+00:00 [running]> on host airflowvm
[2021-09-01 02:51:18,926] {taskinstance.py:1280} INFO - Exporting the following env vars:
AIRFLOW_CTX_DAG_OWNER=airflow
AIRFLOW_CTX_DAG_ID=parallel_dag
AIRFLOW_CTX_TASK_ID=task_1
AIRFLOW_CTX_EXECUTION_DATE=2021-09-01T02:51:16.411161+00:00
AIRFLOW_CTX_DAG_RUN_ID=manual__2021-09-01T02:51:16.411161+00:00
[2021-09-01 02:51:18,929] {subprocess.py:52} INFO - Tmp dir root location: 
 /tmp
[2021-09-01 02:51:18,941] {subprocess.py:63} INFO - Running command: ['bash', '-c', 'sleep 3']
[2021-09-01 02:51:18,970] {subprocess.py:75} INFO - Output:
[2021-09-01 02:51:21,999] {subprocess.py:83} INFO - Command exited with return code 0
[2021-09-01 02:51:22,041] {taskinstance.py:1184} INFO - Marking task as SUCCESS. dag_id=parallel_dag, task_id=task_1, execution_date=20210901T025116, start_date=20210901T025118, end_date=20210901T025122
[2021-09-01 02:51:22,092] {taskinstance.py:1245} INFO - 2 downstream tasks scheduled from follow-on schedule check
[2021-09-01 02:51:22,117] {local_task_job.py:151} INFO - Task exited with return code 0
