[2021-08-31 23:18:58,893] {taskinstance.py:876} INFO - Dependencies all met for <TaskInstance: parallel_dag.task_2 2021-08-30T00:00:00+00:00 [queued]>
[2021-08-31 23:18:58,900] {taskinstance.py:876} INFO - Dependencies all met for <TaskInstance: parallel_dag.task_2 2021-08-30T00:00:00+00:00 [queued]>
[2021-08-31 23:18:58,900] {taskinstance.py:1067} INFO - 
--------------------------------------------------------------------------------
[2021-08-31 23:18:58,901] {taskinstance.py:1068} INFO - Starting attempt 1 of 1
[2021-08-31 23:18:58,901] {taskinstance.py:1069} INFO - 
--------------------------------------------------------------------------------
[2021-08-31 23:18:58,919] {taskinstance.py:1087} INFO - Executing <Task(BashOperator): task_2> on 2021-08-30T00:00:00+00:00
[2021-08-31 23:18:58,921] {standard_task_runner.py:52} INFO - Started process 67480 to run task
[2021-08-31 23:18:58,948] {standard_task_runner.py:76} INFO - Running: ['airflow', 'tasks', 'run', 'parallel_dag', 'task_2', '2021-08-30T00:00:00+00:00', '--job-id', '39', '--pool', 'default_pool', '--raw', '--subdir', 'DAGS_FOLDER/parallel_dag.py', '--cfg-path', '/tmp/tmptlod0ygz', '--error-file', '/tmp/tmph3tt_bvv']
[2021-08-31 23:18:58,949] {standard_task_runner.py:77} INFO - Job 39: Subtask task_2
[2021-08-31 23:18:59,290] {logging_mixin.py:104} INFO - Running <TaskInstance: parallel_dag.task_2 2021-08-30T00:00:00+00:00 [running]> on host airflowvm
[2021-08-31 23:18:59,668] {taskinstance.py:1280} INFO - Exporting the following env vars:
AIRFLOW_CTX_DAG_OWNER=airflow
AIRFLOW_CTX_DAG_ID=parallel_dag
AIRFLOW_CTX_TASK_ID=task_2
AIRFLOW_CTX_EXECUTION_DATE=2021-08-30T00:00:00+00:00
AIRFLOW_CTX_DAG_RUN_ID=scheduled__2021-08-30T00:00:00+00:00
[2021-08-31 23:18:59,690] {subprocess.py:52} INFO - Tmp dir root location: 
 /tmp
[2021-08-31 23:18:59,691] {subprocess.py:63} INFO - Running command: ['bash', '-c', 'sleep 3']
[2021-08-31 23:18:59,697] {subprocess.py:75} INFO - Output:
[2021-08-31 23:19:02,702] {subprocess.py:83} INFO - Command exited with return code 0
[2021-08-31 23:19:02,863] {taskinstance.py:1184} INFO - Marking task as SUCCESS. dag_id=parallel_dag, task_id=task_2, execution_date=20210830T000000, start_date=20210831T231858, end_date=20210831T231902
[2021-08-31 23:19:03,145] {taskinstance.py:1245} INFO - 0 downstream tasks scheduled from follow-on schedule check
[2021-08-31 23:19:03,188] {local_task_job.py:151} INFO - Task exited with return code 0
[2021-08-31 23:44:09,845] {taskinstance.py:876} INFO - Dependencies all met for <TaskInstance: parallel_dag.task_2 2021-08-30T00:00:00+00:00 [queued]>
[2021-08-31 23:44:09,878] {taskinstance.py:876} INFO - Dependencies all met for <TaskInstance: parallel_dag.task_2 2021-08-30T00:00:00+00:00 [queued]>
[2021-08-31 23:44:09,878] {taskinstance.py:1067} INFO - 
--------------------------------------------------------------------------------
[2021-08-31 23:44:09,878] {taskinstance.py:1068} INFO - Starting attempt 1 of 1
[2021-08-31 23:44:09,878] {taskinstance.py:1069} INFO - 
--------------------------------------------------------------------------------
[2021-08-31 23:44:09,927] {taskinstance.py:1087} INFO - Executing <Task(BashOperator): task_2> on 2021-08-30T00:00:00+00:00
[2021-08-31 23:44:09,934] {standard_task_runner.py:52} INFO - Started process 76244 to run task
[2021-08-31 23:44:09,979] {standard_task_runner.py:76} INFO - Running: ['airflow', 'tasks', 'run', 'parallel_dag', 'task_2', '2021-08-30T00:00:00+00:00', '--job-id', '3', '--pool', 'default_pool', '--raw', '--subdir', 'DAGS_FOLDER/parallel_dag.py', '--cfg-path', '/tmp/tmpj3nk26u4', '--error-file', '/tmp/tmpznm2wh_p']
[2021-08-31 23:44:09,979] {standard_task_runner.py:77} INFO - Job 3: Subtask task_2
[2021-08-31 23:44:10,288] {logging_mixin.py:104} INFO - Running <TaskInstance: parallel_dag.task_2 2021-08-30T00:00:00+00:00 [running]> on host airflowvm
[2021-08-31 23:44:10,752] {taskinstance.py:1280} INFO - Exporting the following env vars:
AIRFLOW_CTX_DAG_OWNER=airflow
AIRFLOW_CTX_DAG_ID=parallel_dag
AIRFLOW_CTX_TASK_ID=task_2
AIRFLOW_CTX_EXECUTION_DATE=2021-08-30T00:00:00+00:00
AIRFLOW_CTX_DAG_RUN_ID=scheduled__2021-08-30T00:00:00+00:00
[2021-08-31 23:44:10,773] {subprocess.py:52} INFO - Tmp dir root location: 
 /tmp
[2021-08-31 23:44:10,774] {subprocess.py:63} INFO - Running command: ['bash', '-c', 'sleep 3']
[2021-08-31 23:44:10,793] {subprocess.py:75} INFO - Output:
[2021-08-31 23:44:13,800] {subprocess.py:83} INFO - Command exited with return code 0
[2021-08-31 23:44:13,948] {taskinstance.py:1184} INFO - Marking task as SUCCESS. dag_id=parallel_dag, task_id=task_2, execution_date=20210830T000000, start_date=20210831T234409, end_date=20210831T234413
[2021-08-31 23:44:14,229] {taskinstance.py:1245} INFO - 0 downstream tasks scheduled from follow-on schedule check
[2021-08-31 23:44:14,274] {local_task_job.py:151} INFO - Task exited with return code 0
