[2021-08-29 02:37:04,640] {taskinstance.py:876} INFO - Dependencies all met for <TaskInstance: example_bash_operator.runme_0 2021-08-27T00:00:00+00:00 [queued]>
[2021-08-29 02:37:04,649] {taskinstance.py:876} INFO - Dependencies all met for <TaskInstance: example_bash_operator.runme_0 2021-08-27T00:00:00+00:00 [queued]>
[2021-08-29 02:37:04,649] {taskinstance.py:1067} INFO - 
--------------------------------------------------------------------------------
[2021-08-29 02:37:04,649] {taskinstance.py:1068} INFO - Starting attempt 1 of 1
[2021-08-29 02:37:04,649] {taskinstance.py:1069} INFO - 
--------------------------------------------------------------------------------
[2021-08-29 02:37:04,678] {taskinstance.py:1087} INFO - Executing <Task(BashOperator): runme_0> on 2021-08-27T00:00:00+00:00
[2021-08-29 02:37:04,679] {standard_task_runner.py:52} INFO - Started process 6170 to run task
[2021-08-29 02:37:04,737] {standard_task_runner.py:76} INFO - Running: ['airflow', 'tasks', 'run', 'example_bash_operator', 'runme_0', '2021-08-27T00:00:00+00:00', '--job-id', '2', '--pool', 'default_pool', '--raw', '--subdir', '/home/airflow/sandbox/lib/python3.8/site-packages/airflow/example_dags/example_bash_operator.py', '--cfg-path', '/tmp/tmpygmaybw_', '--error-file', '/tmp/tmp3q2mwdua']
[2021-08-29 02:37:04,738] {standard_task_runner.py:77} INFO - Job 2: Subtask runme_0
[2021-08-29 02:37:04,972] {logging_mixin.py:104} INFO - Running <TaskInstance: example_bash_operator.runme_0 2021-08-27T00:00:00+00:00 [running]> on host airflowvm
[2021-08-29 02:37:05,165] {taskinstance.py:1280} INFO - Exporting the following env vars:
AIRFLOW_CTX_DAG_OWNER=airflow
AIRFLOW_CTX_DAG_ID=example_bash_operator
AIRFLOW_CTX_TASK_ID=runme_0
AIRFLOW_CTX_EXECUTION_DATE=2021-08-27T00:00:00+00:00
AIRFLOW_CTX_DAG_RUN_ID=scheduled__2021-08-27T00:00:00+00:00
[2021-08-29 02:37:05,165] {subprocess.py:52} INFO - Tmp dir root location: 
 /tmp
[2021-08-29 02:37:05,166] {subprocess.py:63} INFO - Running command: ['bash', '-c', 'echo "example_bash_operator__runme_0__20210827" && sleep 1']
[2021-08-29 02:37:05,170] {subprocess.py:75} INFO - Output:
[2021-08-29 02:37:05,171] {subprocess.py:79} INFO - example_bash_operator__runme_0__20210827
[2021-08-29 02:37:06,172] {subprocess.py:83} INFO - Command exited with return code 0
[2021-08-29 02:37:06,184] {taskinstance.py:1184} INFO - Marking task as SUCCESS. dag_id=example_bash_operator, task_id=runme_0, execution_date=20210827T000000, start_date=20210829T023704, end_date=20210829T023706
[2021-08-29 02:37:06,198] {taskinstance.py:1245} INFO - 0 downstream tasks scheduled from follow-on schedule check
[2021-08-29 02:37:06,225] {local_task_job.py:151} INFO - Task exited with return code 0
