[2021-09-01 03:15:47,122] {taskinstance.py:876} INFO - Dependencies all met for <TaskInstance: xcom_dag.processing_tasks.training_model_b 2021-09-01T03:15:40.142178+00:00 [queued]>
[2021-09-01 03:15:47,166] {taskinstance.py:876} INFO - Dependencies all met for <TaskInstance: xcom_dag.processing_tasks.training_model_b 2021-09-01T03:15:40.142178+00:00 [queued]>
[2021-09-01 03:15:47,167] {taskinstance.py:1067} INFO - 
--------------------------------------------------------------------------------
[2021-09-01 03:15:47,167] {taskinstance.py:1068} INFO - Starting attempt 1 of 1
[2021-09-01 03:15:47,168] {taskinstance.py:1069} INFO - 
--------------------------------------------------------------------------------
[2021-09-01 03:15:47,201] {taskinstance.py:1087} INFO - Executing <Task(PythonOperator): processing_tasks.training_model_b> on 2021-09-01T03:15:40.142178+00:00
[2021-09-01 03:15:47,217] {standard_task_runner.py:52} INFO - Started process 115284 to run task
[2021-09-01 03:15:47,275] {standard_task_runner.py:76} INFO - Running: ['airflow', 'tasks', 'run', 'xcom_dag', 'processing_tasks.training_model_b', '2021-09-01T03:15:40.142178+00:00', '--job-id', '30', '--pool', 'default_pool', '--raw', '--subdir', 'DAGS_FOLDER/xcom_dag.py', '--cfg-path', '/tmp/tmpdgf_mr7x', '--error-file', '/tmp/tmpszimdjts']
[2021-09-01 03:15:47,286] {standard_task_runner.py:77} INFO - Job 30: Subtask processing_tasks.training_model_b
[2021-09-01 03:15:47,746] {logging_mixin.py:104} INFO - Running <TaskInstance: xcom_dag.processing_tasks.training_model_b 2021-09-01T03:15:40.142178+00:00 [running]> on host airflowvm
[2021-09-01 03:15:48,049] {taskinstance.py:1280} INFO - Exporting the following env vars:
AIRFLOW_CTX_DAG_OWNER=airflow
AIRFLOW_CTX_DAG_ID=xcom_dag
AIRFLOW_CTX_TASK_ID=processing_tasks.training_model_b
AIRFLOW_CTX_EXECUTION_DATE=2021-09-01T03:15:40.142178+00:00
AIRFLOW_CTX_DAG_RUN_ID=manual__2021-09-01T03:15:40.142178+00:00
[2021-09-01 03:15:48,050] {logging_mixin.py:104} INFO - model's accuracy: 5.066661017768167
[2021-09-01 03:15:48,148] {python.py:151} INFO - Done. Returned value was: None
[2021-09-01 03:15:48,224] {taskinstance.py:1184} INFO - Marking task as SUCCESS. dag_id=xcom_dag, task_id=processing_tasks.training_model_b, execution_date=20210901T031540, start_date=20210901T031547, end_date=20210901T031548
[2021-09-01 03:15:48,404] {taskinstance.py:1245} INFO - 0 downstream tasks scheduled from follow-on schedule check
[2021-09-01 03:15:48,469] {local_task_job.py:151} INFO - Task exited with return code 0
