[2021-09-01 00:42:40,725] {taskinstance.py:876} INFO - Dependencies all met for <TaskInstance: parallel_dag.task_2 2021-09-01T00:42:28.717277+00:00 [queued]>
[2021-09-01 00:42:40,790] {taskinstance.py:876} INFO - Dependencies all met for <TaskInstance: parallel_dag.task_2 2021-09-01T00:42:28.717277+00:00 [queued]>
[2021-09-01 00:42:40,792] {taskinstance.py:1067} INFO - 
--------------------------------------------------------------------------------
[2021-09-01 00:42:40,792] {taskinstance.py:1068} INFO - Starting attempt 1 of 1
[2021-09-01 00:42:40,793] {taskinstance.py:1069} INFO - 
--------------------------------------------------------------------------------
[2021-09-01 00:42:40,843] {taskinstance.py:1087} INFO - Executing <Task(BashOperator): task_2> on 2021-09-01T00:42:28.717277+00:00
[2021-09-01 00:42:40,869] {standard_task_runner.py:52} INFO - Started process 97256 to run task
[2021-09-01 00:42:40,931] {standard_task_runner.py:76} INFO - Running: ['airflow', 'tasks', 'run', 'parallel_dag', 'task_2', '2021-09-01T00:42:28.717277+00:00', '--job-id', '12', '--pool', 'default_pool', '--raw', '--subdir', 'DAGS_FOLDER/parallel_dag.py', '--cfg-path', '/tmp/tmpni0z81pu', '--error-file', '/tmp/tmpjg0o8xtl']
[2021-09-01 00:42:40,932] {standard_task_runner.py:77} INFO - Job 12: Subtask task_2
[2021-09-01 00:42:41,663] {logging_mixin.py:104} INFO - Running <TaskInstance: parallel_dag.task_2 2021-09-01T00:42:28.717277+00:00 [running]> on host airflowvm
[2021-09-01 00:42:42,346] {taskinstance.py:1280} INFO - Exporting the following env vars:
AIRFLOW_CTX_DAG_OWNER=airflow
AIRFLOW_CTX_DAG_ID=parallel_dag
AIRFLOW_CTX_TASK_ID=task_2
AIRFLOW_CTX_EXECUTION_DATE=2021-09-01T00:42:28.717277+00:00
AIRFLOW_CTX_DAG_RUN_ID=manual__2021-09-01T00:42:28.717277+00:00
[2021-09-01 00:42:42,349] {subprocess.py:52} INFO - Tmp dir root location: 
 /tmp
[2021-09-01 00:42:42,363] {subprocess.py:63} INFO - Running command: ['bash', '-c', 'sleep 3']
[2021-09-01 00:42:42,380] {subprocess.py:75} INFO - Output:
[2021-09-01 00:42:45,392] {subprocess.py:83} INFO - Command exited with return code 0
[2021-09-01 00:42:45,589] {taskinstance.py:1184} INFO - Marking task as SUCCESS. dag_id=parallel_dag, task_id=task_2, execution_date=20210901T004228, start_date=20210901T004240, end_date=20210901T004245
[2021-09-01 00:42:45,819] {taskinstance.py:1245} INFO - 0 downstream tasks scheduled from follow-on schedule check
[2021-09-01 00:42:45,863] {local_task_job.py:151} INFO - Task exited with return code 0
