[2021-09-01 03:47:47,657] {taskinstance.py:876} INFO - Dependencies all met for <TaskInstance: xcom_dag.processing_tasks.training_model_b 2021-09-01T03:47:38.210849+00:00 [queued]>
[2021-09-01 03:47:47,869] {taskinstance.py:876} INFO - Dependencies all met for <TaskInstance: xcom_dag.processing_tasks.training_model_b 2021-09-01T03:47:38.210849+00:00 [queued]>
[2021-09-01 03:47:47,870] {taskinstance.py:1067} INFO - 
--------------------------------------------------------------------------------
[2021-09-01 03:47:47,871] {taskinstance.py:1068} INFO - Starting attempt 1 of 1
[2021-09-01 03:47:47,874] {taskinstance.py:1069} INFO - 
--------------------------------------------------------------------------------
[2021-09-01 03:47:47,939] {taskinstance.py:1087} INFO - Executing <Task(PythonOperator): processing_tasks.training_model_b> on 2021-09-01T03:47:38.210849+00:00
[2021-09-01 03:47:47,955] {standard_task_runner.py:52} INFO - Started process 123009 to run task
[2021-09-01 03:47:48,039] {standard_task_runner.py:76} INFO - Running: ['airflow', 'tasks', 'run', 'xcom_dag', 'processing_tasks.training_model_b', '2021-09-01T03:47:38.210849+00:00', '--job-id', '67', '--pool', 'default_pool', '--raw', '--subdir', 'DAGS_FOLDER/xcom_dag.py', '--cfg-path', '/tmp/tmpq33kfml7', '--error-file', '/tmp/tmpn6nrjsva']
[2021-09-01 03:47:48,040] {standard_task_runner.py:77} INFO - Job 67: Subtask processing_tasks.training_model_b
[2021-09-01 03:47:48,671] {logging_mixin.py:104} INFO - Running <TaskInstance: xcom_dag.processing_tasks.training_model_b 2021-09-01T03:47:38.210849+00:00 [running]> on host airflowvm
[2021-09-01 03:47:49,211] {taskinstance.py:1280} INFO - Exporting the following env vars:
AIRFLOW_CTX_DAG_OWNER=airflow
AIRFLOW_CTX_DAG_ID=xcom_dag
AIRFLOW_CTX_TASK_ID=processing_tasks.training_model_b
AIRFLOW_CTX_EXECUTION_DATE=2021-09-01T03:47:38.210849+00:00
AIRFLOW_CTX_DAG_RUN_ID=manual__2021-09-01T03:47:38.210849+00:00
[2021-09-01 03:47:49,223] {logging_mixin.py:104} INFO - model's accuracy: 2.7298885413511256
[2021-09-01 03:47:49,353] {python.py:151} INFO - Done. Returned value was: None
[2021-09-01 03:47:49,489] {taskinstance.py:1184} INFO - Marking task as SUCCESS. dag_id=xcom_dag, task_id=processing_tasks.training_model_b, execution_date=20210901T034738, start_date=20210901T034747, end_date=20210901T034749
[2021-09-01 03:47:49,958] {taskinstance.py:1245} INFO - 0 downstream tasks scheduled from follow-on schedule check
[2021-09-01 03:47:50,038] {local_task_job.py:151} INFO - Task exited with return code 0
