[2021-09-01 03:09:56,093] {taskinstance.py:876} INFO - Dependencies all met for <TaskInstance: xcom_dag.choose_best_model 2021-08-31T00:00:00+00:00 [queued]>
[2021-09-01 03:09:56,238] {taskinstance.py:876} INFO - Dependencies all met for <TaskInstance: xcom_dag.choose_best_model 2021-08-31T00:00:00+00:00 [queued]>
[2021-09-01 03:09:56,239] {taskinstance.py:1067} INFO - 
--------------------------------------------------------------------------------
[2021-09-01 03:09:56,240] {taskinstance.py:1068} INFO - Starting attempt 1 of 1
[2021-09-01 03:09:56,243] {taskinstance.py:1069} INFO - 
--------------------------------------------------------------------------------
[2021-09-01 03:09:56,336] {taskinstance.py:1087} INFO - Executing <Task(PythonOperator): choose_best_model> on 2021-08-31T00:00:00+00:00
[2021-09-01 03:09:56,339] {standard_task_runner.py:52} INFO - Started process 113769 to run task
[2021-09-01 03:09:56,389] {standard_task_runner.py:76} INFO - Running: ['airflow', 'tasks', 'run', 'xcom_dag', 'choose_best_model', '2021-08-31T00:00:00+00:00', '--job-id', '24', '--pool', 'default_pool', '--raw', '--subdir', 'DAGS_FOLDER/xcom_dag.py', '--cfg-path', '/tmp/tmppd104q4g', '--error-file', '/tmp/tmpm0677b9h']
[2021-09-01 03:09:56,401] {standard_task_runner.py:77} INFO - Job 24: Subtask choose_best_model
[2021-09-01 03:09:56,860] {logging_mixin.py:104} INFO - Running <TaskInstance: xcom_dag.choose_best_model 2021-08-31T00:00:00+00:00 [running]> on host airflowvm
[2021-09-01 03:09:57,139] {taskinstance.py:1280} INFO - Exporting the following env vars:
AIRFLOW_CTX_DAG_OWNER=airflow
AIRFLOW_CTX_DAG_ID=xcom_dag
AIRFLOW_CTX_TASK_ID=choose_best_model
AIRFLOW_CTX_EXECUTION_DATE=2021-08-31T00:00:00+00:00
AIRFLOW_CTX_DAG_RUN_ID=scheduled__2021-08-31T00:00:00+00:00
[2021-09-01 03:09:57,140] {logging_mixin.py:104} INFO - choose best model
[2021-09-01 03:09:57,141] {python.py:151} INFO - Done. Returned value was: None
[2021-09-01 03:09:57,173] {taskinstance.py:1184} INFO - Marking task as SUCCESS. dag_id=xcom_dag, task_id=choose_best_model, execution_date=20210831T000000, start_date=20210901T030956, end_date=20210901T030957
[2021-09-01 03:09:57,249] {taskinstance.py:1245} INFO - 0 downstream tasks scheduled from follow-on schedule check
[2021-09-01 03:09:57,297] {local_task_job.py:151} INFO - Task exited with return code 0
