[2021-08-31 14:13:10,652] {taskinstance.py:876} INFO - Dependencies all met for <TaskInstance: example_bash_operator.runme_0 2021-08-30T00:00:00+00:00 [queued]>
[2021-08-31 14:13:10,663] {taskinstance.py:876} INFO - Dependencies all met for <TaskInstance: example_bash_operator.runme_0 2021-08-30T00:00:00+00:00 [queued]>
[2021-08-31 14:13:10,663] {taskinstance.py:1067} INFO - 
--------------------------------------------------------------------------------
[2021-08-31 14:13:10,664] {taskinstance.py:1068} INFO - Starting attempt 1 of 1
[2021-08-31 14:13:10,664] {taskinstance.py:1069} INFO - 
--------------------------------------------------------------------------------
[2021-08-31 14:13:10,700] {taskinstance.py:1087} INFO - Executing <Task(BashOperator): runme_0> on 2021-08-30T00:00:00+00:00
[2021-08-31 14:13:10,703] {standard_task_runner.py:52} INFO - Started process 2825 to run task
[2021-08-31 14:13:10,728] {standard_task_runner.py:76} INFO - Running: ['airflow', 'tasks', 'run', 'example_bash_operator', 'runme_0', '2021-08-30T00:00:00+00:00', '--job-id', '24', '--pool', 'default_pool', '--raw', '--subdir', '/home/airflow/sandbox/lib/python3.8/site-packages/airflow/example_dags/example_bash_operator.py', '--cfg-path', '/tmp/tmpn9v011sw', '--error-file', '/tmp/tmpczl6xia5']
[2021-08-31 14:13:10,731] {standard_task_runner.py:77} INFO - Job 24: Subtask runme_0
[2021-08-31 14:13:10,961] {logging_mixin.py:104} INFO - Running <TaskInstance: example_bash_operator.runme_0 2021-08-30T00:00:00+00:00 [running]> on host airflowvm
[2021-08-31 14:13:11,171] {taskinstance.py:1280} INFO - Exporting the following env vars:
AIRFLOW_CTX_DAG_OWNER=airflow
AIRFLOW_CTX_DAG_ID=example_bash_operator
AIRFLOW_CTX_TASK_ID=runme_0
AIRFLOW_CTX_EXECUTION_DATE=2021-08-30T00:00:00+00:00
AIRFLOW_CTX_DAG_RUN_ID=scheduled__2021-08-30T00:00:00+00:00
[2021-08-31 14:13:11,178] {subprocess.py:52} INFO - Tmp dir root location: 
 /tmp
[2021-08-31 14:13:11,179] {subprocess.py:63} INFO - Running command: ['bash', '-c', 'echo "example_bash_operator__runme_0__20210830" && sleep 1']
[2021-08-31 14:13:11,202] {subprocess.py:75} INFO - Output:
[2021-08-31 14:13:11,204] {subprocess.py:79} INFO - example_bash_operator__runme_0__20210830
[2021-08-31 14:13:12,210] {subprocess.py:83} INFO - Command exited with return code 0
[2021-08-31 14:13:12,254] {taskinstance.py:1184} INFO - Marking task as SUCCESS. dag_id=example_bash_operator, task_id=runme_0, execution_date=20210830T000000, start_date=20210831T141310, end_date=20210831T141312
[2021-08-31 14:13:12,322] {taskinstance.py:1245} INFO - 0 downstream tasks scheduled from follow-on schedule check
[2021-08-31 14:13:12,344] {local_task_job.py:151} INFO - Task exited with return code 0
