[2021-09-01 03:37:54,200] {taskinstance.py:876} INFO - Dependencies all met for <TaskInstance: xcom_dag.processing_tasks.training_model_b 2021-09-01T03:37:46.011372+00:00 [queued]>
[2021-09-01 03:37:54,291] {taskinstance.py:876} INFO - Dependencies all met for <TaskInstance: xcom_dag.processing_tasks.training_model_b 2021-09-01T03:37:46.011372+00:00 [queued]>
[2021-09-01 03:37:54,292] {taskinstance.py:1067} INFO - 
--------------------------------------------------------------------------------
[2021-09-01 03:37:54,292] {taskinstance.py:1068} INFO - Starting attempt 1 of 1
[2021-09-01 03:37:54,292] {taskinstance.py:1069} INFO - 
--------------------------------------------------------------------------------
[2021-09-01 03:37:54,336] {taskinstance.py:1087} INFO - Executing <Task(PythonOperator): processing_tasks.training_model_b> on 2021-09-01T03:37:46.011372+00:00
[2021-09-01 03:37:54,365] {standard_task_runner.py:52} INFO - Started process 117644 to run task
[2021-09-01 03:37:54,391] {standard_task_runner.py:76} INFO - Running: ['airflow', 'tasks', 'run', 'xcom_dag', 'processing_tasks.training_model_b', '2021-09-01T03:37:46.011372+00:00', '--job-id', '41', '--pool', 'default_pool', '--raw', '--subdir', 'DAGS_FOLDER/xcom_dag.py', '--cfg-path', '/tmp/tmp25j4odpq', '--error-file', '/tmp/tmpq6brmxy5']
[2021-09-01 03:37:54,393] {standard_task_runner.py:77} INFO - Job 41: Subtask processing_tasks.training_model_b
[2021-09-01 03:37:54,746] {logging_mixin.py:104} INFO - Running <TaskInstance: xcom_dag.processing_tasks.training_model_b 2021-09-01T03:37:46.011372+00:00 [running]> on host airflowvm
[2021-09-01 03:37:55,296] {taskinstance.py:1280} INFO - Exporting the following env vars:
AIRFLOW_CTX_DAG_OWNER=airflow
AIRFLOW_CTX_DAG_ID=xcom_dag
AIRFLOW_CTX_TASK_ID=processing_tasks.training_model_b
AIRFLOW_CTX_EXECUTION_DATE=2021-09-01T03:37:46.011372+00:00
AIRFLOW_CTX_DAG_RUN_ID=manual__2021-09-01T03:37:46.011372+00:00
[2021-09-01 03:37:55,310] {logging_mixin.py:104} INFO - model's accuracy: 6.819344835447346
[2021-09-01 03:37:55,479] {python.py:151} INFO - Done. Returned value was: None
[2021-09-01 03:37:55,532] {taskinstance.py:1184} INFO - Marking task as SUCCESS. dag_id=xcom_dag, task_id=processing_tasks.training_model_b, execution_date=20210901T033746, start_date=20210901T033754, end_date=20210901T033755
[2021-09-01 03:37:55,711] {taskinstance.py:1245} INFO - 0 downstream tasks scheduled from follow-on schedule check
[2021-09-01 03:37:55,749] {local_task_job.py:151} INFO - Task exited with return code 0
